This file contains any messages produced by compilers while
running configure, to aid debugging if configure makes a mistake.

It was created by grvy configure 0.32.0, which was
generated by GNU Autoconf 2.69.  Invocation command line was

  $ ./configure --prefix=/home/tuk59/Installed/bin/grvy --with-boost=/home/tuk59/Downloads/boost_1_65_1

## --------- ##
## Platform. ##
## --------- ##

hostname = Atom
uname -m = x86_64
uname -r = 4.4.0-101-generic
uname -s = Linux
uname -v = #124-Ubuntu SMP Fri Nov 10 18:29:59 UTC 2017

/usr/bin/uname -p = unknown
/bin/uname -X     = unknown

/bin/arch              = unknown
/usr/bin/arch -k       = unknown
/usr/convex/getsysinfo = unknown
/usr/bin/hostinfo      = unknown
/bin/machine           = unknown
/usr/bin/oslevel       = unknown
/bin/universe          = unknown

PATH: /usr/local/tecplot/360ex_2017r2/bin
PATH: /home/tuk59/bin
PATH: /home/tuk59/.local/bin
PATH: /usr/local/sbin
PATH: /usr/local/bin
PATH: /usr/sbin
PATH: /usr/bin
PATH: /sbin
PATH: /bin
PATH: /usr/games
PATH: /usr/local/games
PATH: /snap/bin


## ----------- ##
## Core tests. ##
## ----------- ##

configure:2884: checking for a BSD-compatible install
configure:2952: result: /usr/bin/install -c
configure:2963: checking whether build environment is sane
configure:3018: result: yes
configure:3169: checking for a thread-safe mkdir -p
configure:3208: result: /bin/mkdir -p
configure:3221: checking for gawk
configure:3251: result: no
configure:3221: checking for mawk
configure:3237: found /usr/bin/mawk
configure:3248: result: mawk
configure:3259: checking whether make sets $(MAKE)
configure:3281: result: yes
configure:3364: checking for a sed that does not truncate output
configure:3428: result: /bin/sed
configure:3438: checking Major version
configure:3440: result: 0
configure:3442: checking Minor version
configure:3444: result: 32
configure:3446: checking Point version
configure:3448: result: 0
configure:3516: checking for gcc
configure:3532: found /usr/bin/gcc
configure:3543: result: gcc
configure:3772: checking for C compiler version
configure:3781: gcc --version >&5
gcc (Ubuntu 5.4.0-6ubuntu1~16.04.5) 5.4.0 20160609
Copyright (C) 2015 Free Software Foundation, Inc.
This is free software; see the source for copying conditions.  There is NO
warranty; not even for MERCHANTABILITY or FITNESS FOR A PARTICULAR PURPOSE.

configure:3792: $? = 0
configure:3781: gcc -v >&5
Using built-in specs.
COLLECT_GCC=gcc
COLLECT_LTO_WRAPPER=/usr/lib/gcc/x86_64-linux-gnu/5/lto-wrapper
Target: x86_64-linux-gnu
Configured with: ../src/configure -v --with-pkgversion='Ubuntu 5.4.0-6ubuntu1~16.04.5' --with-bugurl=file:///usr/share/doc/gcc-5/README.Bugs --enable-languages=c,ada,c++,java,go,d,fortran,objc,obj-c++ --prefix=/usr --program-suffix=-5 --enable-shared --enable-linker-build-id --libexecdir=/usr/lib --without-included-gettext --enable-threads=posix --libdir=/usr/lib --enable-nls --with-sysroot=/ --enable-clocale=gnu --enable-libstdcxx-debug --enable-libstdcxx-time=yes --with-default-libstdcxx-abi=new --enable-gnu-unique-object --disable-vtable-verify --enable-libmpx --enable-plugin --with-system-zlib --disable-browser-plugin --enable-java-awt=gtk --enable-gtk-cairo --with-java-home=/usr/lib/jvm/java-1.5.0-gcj-5-amd64/jre --enable-java-home --with-jvm-root-dir=/usr/lib/jvm/java-1.5.0-gcj-5-amd64 --with-jvm-jar-dir=/usr/lib/jvm-exports/java-1.5.0-gcj-5-amd64 --with-arch-directory=amd64 --with-ecj-jar=/usr/share/java/eclipse-ecj.jar --enable-objc-gc --enable-multiarch --disable-werror --with-arch-32=i686 --with-abi=m64 --with-multilib-list=m32,m64,mx32 --enable-multilib --with-tune=generic --enable-checking=release --build=x86_64-linux-gnu --host=x86_64-linux-gnu --target=x86_64-linux-gnu
Thread model: posix
gcc version 5.4.0 20160609 (Ubuntu 5.4.0-6ubuntu1~16.04.5) 
configure:3792: $? = 0
configure:3781: gcc -V >&5
gcc: error: unrecognized command line option '-V'
gcc: fatal error: no input files
compilation terminated.
configure:3792: $? = 1
configure:3781: gcc -qversion >&5
gcc: error: unrecognized command line option '-qversion'
gcc: fatal error: no input files
compilation terminated.
configure:3792: $? = 1
configure:3812: checking whether the C compiler works
configure:3834: gcc    conftest.c  >&5
configure:3838: $? = 0
configure:3886: result: yes
configure:3889: checking for C compiler default output file name
configure:3891: result: a.out
configure:3897: checking for suffix of executables
configure:3904: gcc -o conftest    conftest.c  >&5
configure:3908: $? = 0
configure:3930: result: 
configure:3952: checking whether we are cross compiling
configure:3960: gcc -o conftest    conftest.c  >&5
configure:3964: $? = 0
configure:3971: ./conftest
configure:3975: $? = 0
configure:3990: result: no
configure:3995: checking for suffix of object files
configure:4017: gcc -c   conftest.c >&5
configure:4021: $? = 0
configure:4042: result: o
configure:4046: checking whether we are using the GNU C compiler
configure:4065: gcc -c   conftest.c >&5
configure:4065: $? = 0
configure:4074: result: yes
configure:4083: checking whether gcc accepts -g
configure:4103: gcc -c -g  conftest.c >&5
configure:4103: $? = 0
configure:4144: result: yes
configure:4161: checking for gcc option to accept ISO C89
configure:4224: gcc  -c -g -O2  conftest.c >&5
configure:4224: $? = 0
configure:4237: result: none needed
configure:4268: checking for style of include used by make
configure:4296: result: GNU
configure:4322: checking dependency style of gcc
configure:4433: result: gcc3
configure:4506: checking for g++
configure:4522: found /usr/bin/g++
configure:4533: result: g++
configure:4560: checking for C++ compiler version
configure:4569: g++ --version >&5
g++ (Ubuntu 5.4.0-6ubuntu1~16.04.5) 5.4.0 20160609
Copyright (C) 2015 Free Software Foundation, Inc.
This is free software; see the source for copying conditions.  There is NO
warranty; not even for MERCHANTABILITY or FITNESS FOR A PARTICULAR PURPOSE.

configure:4580: $? = 0
configure:4569: g++ -v >&5
Using built-in specs.
COLLECT_GCC=g++
COLLECT_LTO_WRAPPER=/usr/lib/gcc/x86_64-linux-gnu/5/lto-wrapper
Target: x86_64-linux-gnu
Configured with: ../src/configure -v --with-pkgversion='Ubuntu 5.4.0-6ubuntu1~16.04.5' --with-bugurl=file:///usr/share/doc/gcc-5/README.Bugs --enable-languages=c,ada,c++,java,go,d,fortran,objc,obj-c++ --prefix=/usr --program-suffix=-5 --enable-shared --enable-linker-build-id --libexecdir=/usr/lib --without-included-gettext --enable-threads=posix --libdir=/usr/lib --enable-nls --with-sysroot=/ --enable-clocale=gnu --enable-libstdcxx-debug --enable-libstdcxx-time=yes --with-default-libstdcxx-abi=new --enable-gnu-unique-object --disable-vtable-verify --enable-libmpx --enable-plugin --with-system-zlib --disable-browser-plugin --enable-java-awt=gtk --enable-gtk-cairo --with-java-home=/usr/lib/jvm/java-1.5.0-gcj-5-amd64/jre --enable-java-home --with-jvm-root-dir=/usr/lib/jvm/java-1.5.0-gcj-5-amd64 --with-jvm-jar-dir=/usr/lib/jvm-exports/java-1.5.0-gcj-5-amd64 --with-arch-directory=amd64 --with-ecj-jar=/usr/share/java/eclipse-ecj.jar --enable-objc-gc --enable-multiarch --disable-werror --with-arch-32=i686 --with-abi=m64 --with-multilib-list=m32,m64,mx32 --enable-multilib --with-tune=generic --enable-checking=release --build=x86_64-linux-gnu --host=x86_64-linux-gnu --target=x86_64-linux-gnu
Thread model: posix
gcc version 5.4.0 20160609 (Ubuntu 5.4.0-6ubuntu1~16.04.5) 
configure:4580: $? = 0
configure:4569: g++ -V >&5
g++: error: unrecognized command line option '-V'
g++: fatal error: no input files
compilation terminated.
configure:4580: $? = 1
configure:4569: g++ -qversion >&5
g++: error: unrecognized command line option '-qversion'
g++: fatal error: no input files
compilation terminated.
configure:4580: $? = 1
configure:4584: checking whether we are using the GNU C++ compiler
configure:4603: g++ -c   conftest.cpp >&5
configure:4603: $? = 0
configure:4612: result: yes
configure:4621: checking whether g++ accepts -g
configure:4641: g++ -c -g  conftest.cpp >&5
configure:4641: $? = 0
configure:4682: result: yes
configure:4707: checking dependency style of g++
configure:4818: result: gcc3
configure:4886: checking for gfortran
configure:4902: found /usr/bin/gfortran
configure:4913: result: gfortran
configure:4939: checking for Fortran compiler version
configure:4948: gfortran --version >&5
GNU Fortran (Ubuntu 5.4.0-6ubuntu1~16.04.5) 5.4.0 20160609
Copyright (C) 2015 Free Software Foundation, Inc.

GNU Fortran comes with NO WARRANTY, to the extent permitted by law.
You may redistribute copies of GNU Fortran
under the terms of the GNU General Public License.
For more information about these matters, see the file named COPYING

configure:4959: $? = 0
configure:4948: gfortran -v >&5
Using built-in specs.
COLLECT_GCC=gfortran
COLLECT_LTO_WRAPPER=/usr/lib/gcc/x86_64-linux-gnu/5/lto-wrapper
Target: x86_64-linux-gnu
Configured with: ../src/configure -v --with-pkgversion='Ubuntu 5.4.0-6ubuntu1~16.04.5' --with-bugurl=file:///usr/share/doc/gcc-5/README.Bugs --enable-languages=c,ada,c++,java,go,d,fortran,objc,obj-c++ --prefix=/usr --program-suffix=-5 --enable-shared --enable-linker-build-id --libexecdir=/usr/lib --without-included-gettext --enable-threads=posix --libdir=/usr/lib --enable-nls --with-sysroot=/ --enable-clocale=gnu --enable-libstdcxx-debug --enable-libstdcxx-time=yes --with-default-libstdcxx-abi=new --enable-gnu-unique-object --disable-vtable-verify --enable-libmpx --enable-plugin --with-system-zlib --disable-browser-plugin --enable-java-awt=gtk --enable-gtk-cairo --with-java-home=/usr/lib/jvm/java-1.5.0-gcj-5-amd64/jre --enable-java-home --with-jvm-root-dir=/usr/lib/jvm/java-1.5.0-gcj-5-amd64 --with-jvm-jar-dir=/usr/lib/jvm-exports/java-1.5.0-gcj-5-amd64 --with-arch-directory=amd64 --with-ecj-jar=/usr/share/java/eclipse-ecj.jar --enable-objc-gc --enable-multiarch --disable-werror --with-arch-32=i686 --with-abi=m64 --with-multilib-list=m32,m64,mx32 --enable-multilib --with-tune=generic --enable-checking=release --build=x86_64-linux-gnu --host=x86_64-linux-gnu --target=x86_64-linux-gnu
Thread model: posix
gcc version 5.4.0 20160609 (Ubuntu 5.4.0-6ubuntu1~16.04.5) 
configure:4959: $? = 0
configure:4948: gfortran -V >&5
gfortran: error: unrecognized command line option '-V'
gfortran: fatal error: no input files
compilation terminated.
configure:4959: $? = 1
configure:4948: gfortran -qversion >&5
gfortran: error: unrecognized command line option '-qversion'
gfortran: fatal error: no input files
compilation terminated.
configure:4959: $? = 1
configure:4968: checking whether we are using the GNU Fortran compiler
configure:4981: gfortran -c   conftest.F >&5
configure:4981: $? = 0
configure:4990: result: yes
configure:4996: checking whether gfortran accepts -g
configure:5007: gfortran -c -g  conftest.f >&5
configure:5007: $? = 0
configure:5015: result: yes
configure:5073: checking build system type
configure:5087: result: x86_64-unknown-linux-gnu
configure:5107: checking host system type
configure:5120: result: x86_64-unknown-linux-gnu
configure:5161: checking how to print strings
configure:5188: result: printf
configure:5209: checking for a sed that does not truncate output
configure:5273: result: /bin/sed
configure:5291: checking for grep that handles long lines and -e
configure:5349: result: /bin/grep
configure:5354: checking for egrep
configure:5416: result: /bin/grep -E
configure:5421: checking for fgrep
configure:5483: result: /bin/grep -F
configure:5518: checking for ld used by gcc
configure:5585: result: /usr/bin/ld
configure:5592: checking if the linker (/usr/bin/ld) is GNU ld
configure:5607: result: yes
configure:5619: checking for BSD- or MS-compatible name lister (nm)
configure:5668: result: /usr/bin/nm -B
configure:5798: checking the name lister (/usr/bin/nm -B) interface
configure:5805: gcc -c -g -O2  conftest.c >&5
configure:5808: /usr/bin/nm -B "conftest.o"
configure:5811: output
0000000000000000 B some_variable
configure:5818: result: BSD nm
configure:5821: checking whether ln -s works
configure:5825: result: yes
configure:5833: checking the maximum length of command line arguments
configure:5963: result: 1572864
configure:5980: checking whether the shell understands some XSI constructs
configure:5990: result: yes
configure:5994: checking whether the shell understands "+="
configure:6000: result: yes
configure:6035: checking how to convert x86_64-unknown-linux-gnu file names to x86_64-unknown-linux-gnu format
configure:6075: result: func_convert_file_noop
configure:6082: checking how to convert x86_64-unknown-linux-gnu file names to toolchain format
configure:6102: result: func_convert_file_noop
configure:6109: checking for /usr/bin/ld option to reload object files
configure:6116: result: -r
configure:6190: checking for objdump
configure:6206: found /usr/bin/objdump
configure:6217: result: objdump
configure:6249: checking how to recognize dependent libraries
configure:6451: result: pass_all
configure:6536: checking for dlltool
configure:6566: result: no
configure:6596: checking how to associate runtime and link libraries
configure:6623: result: printf %s\n
configure:6684: checking for ar
configure:6700: found /usr/bin/ar
configure:6711: result: ar
configure:6748: checking for archiver @FILE support
configure:6765: gcc -c -g -O2  conftest.c >&5
configure:6765: $? = 0
configure:6768: ar cru libconftest.a @conftest.lst >&5
ar: `u' modifier ignored since `D' is the default (see `U')
configure:6771: $? = 0
configure:6776: ar cru libconftest.a @conftest.lst >&5
ar: `u' modifier ignored since `D' is the default (see `U')
ar: conftest.o: No such file or directory
configure:6779: $? = 1
configure:6791: result: @
configure:6849: checking for strip
configure:6865: found /usr/bin/strip
configure:6876: result: strip
configure:6948: checking for ranlib
configure:6964: found /usr/bin/ranlib
configure:6975: result: ranlib
configure:7077: checking command to parse /usr/bin/nm -B output from gcc object
configure:7197: gcc -c -g -O2  conftest.c >&5
configure:7200: $? = 0
configure:7204: /usr/bin/nm -B conftest.o \| sed -n -e 's/^.*[ ]\([ABCDGIRSTW][ABCDGIRSTW]*\)[ ][ ]*\([_A-Za-z][_A-Za-z0-9]*\)$/\1 \2 \2/p' | sed '/ __gnu_lto/d' \> conftest.nm
configure:7207: $? = 0
configure:7273: gcc -o conftest -g -O2   conftest.c conftstm.o >&5
configure:7276: $? = 0
configure:7314: result: ok
configure:7351: checking for sysroot
configure:7381: result: no
configure:7458: gcc -c -g -O2  conftest.c >&5
configure:7461: $? = 0
configure:7637: checking for mt
configure:7653: found /bin/mt
configure:7664: result: mt
configure:7687: checking if mt is a manifest tool
configure:7693: mt '-?'
configure:7701: result: no
configure:8343: checking how to run the C preprocessor
configure:8374: gcc -E  conftest.c
configure:8374: $? = 0
configure:8388: gcc -E  conftest.c
conftest.c:11:28: fatal error: ac_nonexistent.h: No such file or directory
compilation terminated.
configure:8388: $? = 1
configure: failed program was:
| /* confdefs.h */
| #define PACKAGE_NAME "grvy"
| #define PACKAGE_TARNAME "grvy"
| #define PACKAGE_VERSION "0.32.0"
| #define PACKAGE_STRING "grvy 0.32.0"
| #define PACKAGE_BUGREPORT "karl@ices.utexas.edu"
| #define PACKAGE_URL ""
| #define PACKAGE "grvy"
| #define VERSION "0.32.0"
| /* end confdefs.h.  */
| #include <ac_nonexistent.h>
configure:8413: result: gcc -E
configure:8433: gcc -E  conftest.c
configure:8433: $? = 0
configure:8447: gcc -E  conftest.c
conftest.c:11:28: fatal error: ac_nonexistent.h: No such file or directory
compilation terminated.
configure:8447: $? = 1
configure: failed program was:
| /* confdefs.h */
| #define PACKAGE_NAME "grvy"
| #define PACKAGE_TARNAME "grvy"
| #define PACKAGE_VERSION "0.32.0"
| #define PACKAGE_STRING "grvy 0.32.0"
| #define PACKAGE_BUGREPORT "karl@ices.utexas.edu"
| #define PACKAGE_URL ""
| #define PACKAGE "grvy"
| #define VERSION "0.32.0"
| /* end confdefs.h.  */
| #include <ac_nonexistent.h>
configure:8476: checking for ANSI C header files
configure:8496: gcc -c -g -O2  conftest.c >&5
configure:8496: $? = 0
configure:8569: gcc -o conftest -g -O2   conftest.c  >&5
configure:8569: $? = 0
configure:8569: ./conftest
configure:8569: $? = 0
configure:8580: result: yes
configure:8593: checking for sys/types.h
configure:8593: gcc -c -g -O2  conftest.c >&5
configure:8593: $? = 0
configure:8593: result: yes
configure:8593: checking for sys/stat.h
configure:8593: gcc -c -g -O2  conftest.c >&5
configure:8593: $? = 0
configure:8593: result: yes
configure:8593: checking for stdlib.h
configure:8593: gcc -c -g -O2  conftest.c >&5
configure:8593: $? = 0
configure:8593: result: yes
configure:8593: checking for string.h
configure:8593: gcc -c -g -O2  conftest.c >&5
configure:8593: $? = 0
configure:8593: result: yes
configure:8593: checking for memory.h
configure:8593: gcc -c -g -O2  conftest.c >&5
configure:8593: $? = 0
configure:8593: result: yes
configure:8593: checking for strings.h
configure:8593: gcc -c -g -O2  conftest.c >&5
configure:8593: $? = 0
configure:8593: result: yes
configure:8593: checking for inttypes.h
configure:8593: gcc -c -g -O2  conftest.c >&5
configure:8593: $? = 0
configure:8593: result: yes
configure:8593: checking for stdint.h
configure:8593: gcc -c -g -O2  conftest.c >&5
configure:8593: $? = 0
configure:8593: result: yes
configure:8593: checking for unistd.h
configure:8593: gcc -c -g -O2  conftest.c >&5
configure:8593: $? = 0
configure:8593: result: yes
configure:8607: checking for dlfcn.h
configure:8607: gcc -c -g -O2  conftest.c >&5
configure:8607: $? = 0
configure:8607: result: yes
configure:8825: checking for objdir
configure:8840: result: .libs
configure:9111: checking if gcc supports -fno-rtti -fno-exceptions
configure:9129: gcc -c -g -O2  -fno-rtti -fno-exceptions conftest.c >&5
cc1: warning: command line option '-fno-rtti' is valid for C++/ObjC++ but not for C
configure:9133: $? = 0
configure:9146: result: no
configure:9473: checking for gcc option to produce PIC
configure:9480: result: -fPIC -DPIC
configure:9488: checking if gcc PIC flag -fPIC -DPIC works
configure:9506: gcc -c -g -O2  -fPIC -DPIC -DPIC conftest.c >&5
configure:9510: $? = 0
configure:9523: result: yes
configure:9552: checking if gcc static flag -static works
configure:9580: result: yes
configure:9595: checking if gcc supports -c -o file.o
configure:9616: gcc -c -g -O2  -o out/conftest2.o conftest.c >&5
configure:9620: $? = 0
configure:9642: result: yes
configure:9650: checking if gcc supports -c -o file.o
configure:9697: result: yes
configure:9730: checking whether the gcc linker (/usr/bin/ld -m elf_x86_64) supports shared libraries
configure:10883: result: yes
configure:10920: checking whether -lc should be explicitly linked in
configure:10928: gcc -c -g -O2  conftest.c >&5
configure:10931: $? = 0
configure:10946: gcc -shared  -fPIC -DPIC conftest.o  -v -Wl,-soname -Wl,conftest -o conftest 2\>\&1 \| /bin/grep  -lc  \>/dev/null 2\>\&1
configure:10949: $? = 0
configure:10963: result: no
configure:11123: checking dynamic linker characteristics
configure:11634: gcc -o conftest -g -O2   -Wl,-rpath -Wl,/foo conftest.c  >&5
configure:11634: $? = 0
configure:11856: result: GNU/Linux ld.so
configure:11963: checking how to hardcode library paths into programs
configure:11988: result: immediate
configure:12528: checking whether stripping libraries is possible
configure:12533: result: yes
configure:12568: checking if libtool supports shared libraries
configure:12570: result: yes
configure:12573: checking whether to build shared libraries
configure:12594: result: yes
configure:12597: checking whether to build static libraries
configure:12601: result: yes
configure:12624: checking how to run the C++ preprocessor
configure:12651: g++ -E  conftest.cpp
configure:12651: $? = 0
configure:12665: g++ -E  conftest.cpp
conftest.cpp:23:28: fatal error: ac_nonexistent.h: No such file or directory
compilation terminated.
configure:12665: $? = 1
configure: failed program was:
| /* confdefs.h */
| #define PACKAGE_NAME "grvy"
| #define PACKAGE_TARNAME "grvy"
| #define PACKAGE_VERSION "0.32.0"
| #define PACKAGE_STRING "grvy 0.32.0"
| #define PACKAGE_BUGREPORT "karl@ices.utexas.edu"
| #define PACKAGE_URL ""
| #define PACKAGE "grvy"
| #define VERSION "0.32.0"
| #define STDC_HEADERS 1
| #define HAVE_SYS_TYPES_H 1
| #define HAVE_SYS_STAT_H 1
| #define HAVE_STDLIB_H 1
| #define HAVE_STRING_H 1
| #define HAVE_MEMORY_H 1
| #define HAVE_STRINGS_H 1
| #define HAVE_INTTYPES_H 1
| #define HAVE_STDINT_H 1
| #define HAVE_UNISTD_H 1
| #define HAVE_DLFCN_H 1
| #define LT_OBJDIR ".libs/"
| /* end confdefs.h.  */
| #include <ac_nonexistent.h>
configure:12690: result: g++ -E
configure:12710: g++ -E  conftest.cpp
configure:12710: $? = 0
configure:12724: g++ -E  conftest.cpp
conftest.cpp:23:28: fatal error: ac_nonexistent.h: No such file or directory
compilation terminated.
configure:12724: $? = 1
configure: failed program was:
| /* confdefs.h */
| #define PACKAGE_NAME "grvy"
| #define PACKAGE_TARNAME "grvy"
| #define PACKAGE_VERSION "0.32.0"
| #define PACKAGE_STRING "grvy 0.32.0"
| #define PACKAGE_BUGREPORT "karl@ices.utexas.edu"
| #define PACKAGE_URL ""
| #define PACKAGE "grvy"
| #define VERSION "0.32.0"
| #define STDC_HEADERS 1
| #define HAVE_SYS_TYPES_H 1
| #define HAVE_SYS_STAT_H 1
| #define HAVE_STDLIB_H 1
| #define HAVE_STRING_H 1
| #define HAVE_MEMORY_H 1
| #define HAVE_STRINGS_H 1
| #define HAVE_INTTYPES_H 1
| #define HAVE_STDINT_H 1
| #define HAVE_UNISTD_H 1
| #define HAVE_DLFCN_H 1
| #define LT_OBJDIR ".libs/"
| /* end confdefs.h.  */
| #include <ac_nonexistent.h>
configure:12893: checking for ld used by g++
configure:12960: result: /usr/bin/ld -m elf_x86_64
configure:12967: checking if the linker (/usr/bin/ld -m elf_x86_64) is GNU ld
configure:12982: result: yes
configure:13037: checking whether the g++ linker (/usr/bin/ld -m elf_x86_64) supports shared libraries
configure:14042: result: yes
configure:14078: g++ -c -g -O2  conftest.cpp >&5
configure:14081: $? = 0
configure:14601: checking for g++ option to produce PIC
configure:14608: result: -fPIC -DPIC
configure:14616: checking if g++ PIC flag -fPIC -DPIC works
configure:14634: g++ -c -g -O2  -fPIC -DPIC -DPIC conftest.cpp >&5
configure:14638: $? = 0
configure:14651: result: yes
configure:14674: checking if g++ static flag -static works
configure:14702: result: yes
configure:14714: checking if g++ supports -c -o file.o
configure:14735: g++ -c -g -O2  -o out/conftest2.o conftest.cpp >&5
configure:14739: $? = 0
configure:14761: result: yes
configure:14766: checking if g++ supports -c -o file.o
configure:14813: result: yes
configure:14843: checking whether the g++ linker (/usr/bin/ld -m elf_x86_64) supports shared libraries
configure:14879: result: yes
configure:15020: checking dynamic linker characteristics
configure:15687: result: GNU/Linux ld.so
configure:15740: checking how to hardcode library paths into programs
configure:15765: result: immediate
configure:15918: checking if libtool supports shared libraries
configure:15920: result: yes
configure:15923: checking whether to build shared libraries
configure:15943: result: yes
configure:15946: checking whether to build static libraries
configure:15950: result: yes
configure:15984: gfortran -c -g -O2  conftest.f >&5
configure:15987: $? = 0
configure:16416: checking for gfortran option to produce PIC
configure:16423: result: -fPIC
configure:16431: checking if gfortran PIC flag -fPIC works
configure:16449: gfortran -c -g -O2 -fPIC  conftest.f >&5
configure:16453: $? = 0
configure:16466: result: yes
configure:16489: checking if gfortran static flag -static works
configure:16517: result: yes
configure:16529: checking if gfortran supports -c -o file.o
configure:16550: gfortran -c -g -O2 -o out/conftest2.o  conftest.f >&5
configure:16554: $? = 0
configure:16576: result: yes
configure:16581: checking if gfortran supports -c -o file.o
configure:16628: result: yes
configure:16658: checking whether the gfortran linker (/usr/bin/ld -m elf_x86_64) supports shared libraries
configure:17761: result: yes
configure:17902: checking dynamic linker characteristics
configure:18563: result: GNU/Linux ld.so
configure:18616: checking how to hardcode library paths into programs
configure:18641: result: immediate
configure:18691: checking whether ln -s works
configure:18695: result: yes
configure:18702: checking for a sed that does not truncate output
configure:18766: result: /bin/sed
configure:18771: checking whether build environment is sane
configure:18826: result: yes
configure:19477: checking for an ANSI C-conforming const
configure:19543: gcc -c -g -O2  conftest.c >&5
configure:19543: $? = 0
configure:19550: result: yes
configure:19558: checking for stdbool.h that conforms to C99
configure:19625: gcc -c -g -O2  conftest.c >&5
configure:19625: $? = 0
configure:19632: result: yes
configure:19634: checking for _Bool
configure:19634: gcc -c -g -O2  conftest.c >&5
configure:19634: $? = 0
configure:19634: gcc -c -g -O2  conftest.c >&5
conftest.c: In function 'main':
conftest.c:59:20: error: expected expression before ')' token
 if (sizeof ((_Bool)))
                    ^
configure:19634: $? = 1
configure: failed program was:
| /* confdefs.h */
| #define PACKAGE_NAME "grvy"
| #define PACKAGE_TARNAME "grvy"
| #define PACKAGE_VERSION "0.32.0"
| #define PACKAGE_STRING "grvy 0.32.0"
| #define PACKAGE_BUGREPORT "karl@ices.utexas.edu"
| #define PACKAGE_URL ""
| #define PACKAGE "grvy"
| #define VERSION "0.32.0"
| #define STDC_HEADERS 1
| #define HAVE_SYS_TYPES_H 1
| #define HAVE_SYS_STAT_H 1
| #define HAVE_STDLIB_H 1
| #define HAVE_STRING_H 1
| #define HAVE_MEMORY_H 1
| #define HAVE_STRINGS_H 1
| #define HAVE_INTTYPES_H 1
| #define HAVE_STDINT_H 1
| #define HAVE_UNISTD_H 1
| #define HAVE_DLFCN_H 1
| #define LT_OBJDIR ".libs/"
| /* end confdefs.h.  */
| #include <stdio.h>
| #ifdef HAVE_SYS_TYPES_H
| # include <sys/types.h>
| #endif
| #ifdef HAVE_SYS_STAT_H
| # include <sys/stat.h>
| #endif
| #ifdef STDC_HEADERS
| # include <stdlib.h>
| # include <stddef.h>
| #else
| # ifdef HAVE_STDLIB_H
| #  include <stdlib.h>
| # endif
| #endif
| #ifdef HAVE_STRING_H
| # if !defined STDC_HEADERS && defined HAVE_MEMORY_H
| #  include <memory.h>
| # endif
| # include <string.h>
| #endif
| #ifdef HAVE_STRINGS_H
| # include <strings.h>
| #endif
| #ifdef HAVE_INTTYPES_H
| # include <inttypes.h>
| #endif
| #ifdef HAVE_STDINT_H
| # include <stdint.h>
| #endif
| #ifdef HAVE_UNISTD_H
| # include <unistd.h>
| #endif
| int
| main ()
| {
| if (sizeof ((_Bool)))
| 	    return 0;
|   ;
|   return 0;
| }
configure:19634: result: yes
configure:19652: checking for thread local storage (TLS) class
configure:19679: gcc -c -g -O2  conftest.c >&5
configure:19679: $? = 0
configure:19699: result: __thread
configure: this is boost.m4 serial 16
configure:19761: checking for Boost headers version >= 1.47.0
configure:19832: g++ -c -g -O2  -I/home/tuk59/Downloads/boost_1_65_1 conftest.cpp >&5
configure:19832: $? = 0
configure:19853: result: /home/tuk59/Downloads/boost_1_65_1
configure:19872: checking for Boost's header version
configure:19890: result: 1_65_1
configure:19913: checking boost/math/special_functions.hpp usability
configure:19913: g++ -c -g -O2  -I/home/tuk59/Downloads/boost_1_65_1 conftest.cpp >&5
configure:19913: $? = 0
configure:19913: result: yes
configure:19913: checking boost/math/special_functions.hpp presence
configure:19913: g++ -E  -I/home/tuk59/Downloads/boost_1_65_1 conftest.cpp
configure:19913: $? = 0
configure:19913: result: yes
configure:19913: checking for boost/math/special_functions.hpp
configure:19913: result: yes
configure:19935: checking for the toolset name used by Boost for g++
configure:20009: g++ -c -g -O2  conftest.cpp >&5
conftest.cpp:32:3: error: #error defined __GNUC__ && __GNUC__ == 4 && __GNUC_MINOR__ == 7 && !defined __ICC
 # error defined __GNUC__ && __GNUC__ == 4 && __GNUC_MINOR__ == 7 && !defined __ICC
   ^
configure:20009: $? = 1
configure: failed program was:
| /* confdefs.h */
| #define PACKAGE_NAME "grvy"
| #define PACKAGE_TARNAME "grvy"
| #define PACKAGE_VERSION "0.32.0"
| #define PACKAGE_STRING "grvy 0.32.0"
| #define PACKAGE_BUGREPORT "karl@ices.utexas.edu"
| #define PACKAGE_URL ""
| #define PACKAGE "grvy"
| #define VERSION "0.32.0"
| #define STDC_HEADERS 1
| #define HAVE_SYS_TYPES_H 1
| #define HAVE_SYS_STAT_H 1
| #define HAVE_STDLIB_H 1
| #define HAVE_STRING_H 1
| #define HAVE_MEMORY_H 1
| #define HAVE_STRINGS_H 1
| #define HAVE_INTTYPES_H 1
| #define HAVE_STDINT_H 1
| #define HAVE_UNISTD_H 1
| #define HAVE_DLFCN_H 1
| #define LT_OBJDIR ".libs/"
| #define HAVE__BOOL 1
| #define HAVE_STDBOOL_H 1
| #define TLS __thread
| #define HAVE_BOOST 1
| #define HAVE_BOOST_MATH_SPECIAL_FUNCTIONS_HPP 1
| /* end confdefs.h.  */
| 
| #if defined __GNUC__ && __GNUC__ == 4 && __GNUC_MINOR__ == 7 && !defined __ICC
| /* OK */
| #else
| # error defined __GNUC__ && __GNUC__ == 4 && __GNUC_MINOR__ == 7 && !defined __ICC
| #endif
| 
| int
| main ()
| {
| 
|   ;
|   return 0;
| }
configure:20009: g++ -c -g -O2  conftest.cpp >&5
conftest.cpp:32:3: error: #error defined __GNUC__ && __GNUC__ == 4 && __GNUC_MINOR__ == 6 && !defined __ICC
 # error defined __GNUC__ && __GNUC__ == 4 && __GNUC_MINOR__ == 6 && !defined __ICC
   ^
configure:20009: $? = 1
configure: failed program was:
| /* confdefs.h */
| #define PACKAGE_NAME "grvy"
| #define PACKAGE_TARNAME "grvy"
| #define PACKAGE_VERSION "0.32.0"
| #define PACKAGE_STRING "grvy 0.32.0"
| #define PACKAGE_BUGREPORT "karl@ices.utexas.edu"
| #define PACKAGE_URL ""
| #define PACKAGE "grvy"
| #define VERSION "0.32.0"
| #define STDC_HEADERS 1
| #define HAVE_SYS_TYPES_H 1
| #define HAVE_SYS_STAT_H 1
| #define HAVE_STDLIB_H 1
| #define HAVE_STRING_H 1
| #define HAVE_MEMORY_H 1
| #define HAVE_STRINGS_H 1
| #define HAVE_INTTYPES_H 1
| #define HAVE_STDINT_H 1
| #define HAVE_UNISTD_H 1
| #define HAVE_DLFCN_H 1
| #define LT_OBJDIR ".libs/"
| #define HAVE__BOOL 1
| #define HAVE_STDBOOL_H 1
| #define TLS __thread
| #define HAVE_BOOST 1
| #define HAVE_BOOST_MATH_SPECIAL_FUNCTIONS_HPP 1
| /* end confdefs.h.  */
| 
| #if defined __GNUC__ && __GNUC__ == 4 && __GNUC_MINOR__ == 6 && !defined __ICC
| /* OK */
| #else
| # error defined __GNUC__ && __GNUC__ == 4 && __GNUC_MINOR__ == 6 && !defined __ICC
| #endif
| 
| int
| main ()
| {
| 
|   ;
|   return 0;
| }
configure:20009: g++ -c -g -O2  conftest.cpp >&5
conftest.cpp:32:3: error: #error defined __GNUC__ && __GNUC__ == 4 && __GNUC_MINOR__ == 5 && !defined __ICC
 # error defined __GNUC__ && __GNUC__ == 4 && __GNUC_MINOR__ == 5 && !defined __ICC
   ^
configure:20009: $? = 1
configure: failed program was:
| /* confdefs.h */
| #define PACKAGE_NAME "grvy"
| #define PACKAGE_TARNAME "grvy"
| #define PACKAGE_VERSION "0.32.0"
| #define PACKAGE_STRING "grvy 0.32.0"
| #define PACKAGE_BUGREPORT "karl@ices.utexas.edu"
| #define PACKAGE_URL ""
| #define PACKAGE "grvy"
| #define VERSION "0.32.0"
| #define STDC_HEADERS 1
| #define HAVE_SYS_TYPES_H 1
| #define HAVE_SYS_STAT_H 1
| #define HAVE_STDLIB_H 1
| #define HAVE_STRING_H 1
| #define HAVE_MEMORY_H 1
| #define HAVE_STRINGS_H 1
| #define HAVE_INTTYPES_H 1
| #define HAVE_STDINT_H 1
| #define HAVE_UNISTD_H 1
| #define HAVE_DLFCN_H 1
| #define LT_OBJDIR ".libs/"
| #define HAVE__BOOL 1
| #define HAVE_STDBOOL_H 1
| #define TLS __thread
| #define HAVE_BOOST 1
| #define HAVE_BOOST_MATH_SPECIAL_FUNCTIONS_HPP 1
| /* end confdefs.h.  */
| 
| #if defined __GNUC__ && __GNUC__ == 4 && __GNUC_MINOR__ == 5 && !defined __ICC
| /* OK */
| #else
| # error defined __GNUC__ && __GNUC__ == 4 && __GNUC_MINOR__ == 5 && !defined __ICC
| #endif
| 
| int
| main ()
| {
| 
|   ;
|   return 0;
| }
configure:20009: g++ -c -g -O2  conftest.cpp >&5
conftest.cpp:32:3: error: #error defined __GNUC__ && __GNUC__ == 4 && __GNUC_MINOR__ == 4 && !defined __ICC
 # error defined __GNUC__ && __GNUC__ == 4 && __GNUC_MINOR__ == 4 && !defined __ICC
   ^
configure:20009: $? = 1
configure: failed program was:
| /* confdefs.h */
| #define PACKAGE_NAME "grvy"
| #define PACKAGE_TARNAME "grvy"
| #define PACKAGE_VERSION "0.32.0"
| #define PACKAGE_STRING "grvy 0.32.0"
| #define PACKAGE_BUGREPORT "karl@ices.utexas.edu"
| #define PACKAGE_URL ""
| #define PACKAGE "grvy"
| #define VERSION "0.32.0"
| #define STDC_HEADERS 1
| #define HAVE_SYS_TYPES_H 1
| #define HAVE_SYS_STAT_H 1
| #define HAVE_STDLIB_H 1
| #define HAVE_STRING_H 1
| #define HAVE_MEMORY_H 1
| #define HAVE_STRINGS_H 1
| #define HAVE_INTTYPES_H 1
| #define HAVE_STDINT_H 1
| #define HAVE_UNISTD_H 1
| #define HAVE_DLFCN_H 1
| #define LT_OBJDIR ".libs/"
| #define HAVE__BOOL 1
| #define HAVE_STDBOOL_H 1
| #define TLS __thread
| #define HAVE_BOOST 1
| #define HAVE_BOOST_MATH_SPECIAL_FUNCTIONS_HPP 1
| /* end confdefs.h.  */
| 
| #if defined __GNUC__ && __GNUC__ == 4 && __GNUC_MINOR__ == 4 && !defined __ICC
| /* OK */
| #else
| # error defined __GNUC__ && __GNUC__ == 4 && __GNUC_MINOR__ == 4 && !defined __ICC
| #endif
| 
| int
| main ()
| {
| 
|   ;
|   return 0;
| }
configure:20009: g++ -c -g -O2  conftest.cpp >&5
conftest.cpp:32:3: error: #error defined __GNUC__ && __GNUC__ == 4 && __GNUC_MINOR__ == 3 && !defined __ICC
 # error defined __GNUC__ && __GNUC__ == 4 && __GNUC_MINOR__ == 3 && !defined __ICC
   ^
configure:20009: $? = 1
configure: failed program was:
| /* confdefs.h */
| #define PACKAGE_NAME "grvy"
| #define PACKAGE_TARNAME "grvy"
| #define PACKAGE_VERSION "0.32.0"
| #define PACKAGE_STRING "grvy 0.32.0"
| #define PACKAGE_BUGREPORT "karl@ices.utexas.edu"
| #define PACKAGE_URL ""
| #define PACKAGE "grvy"
| #define VERSION "0.32.0"
| #define STDC_HEADERS 1
| #define HAVE_SYS_TYPES_H 1
| #define HAVE_SYS_STAT_H 1
| #define HAVE_STDLIB_H 1
| #define HAVE_STRING_H 1
| #define HAVE_MEMORY_H 1
| #define HAVE_STRINGS_H 1
| #define HAVE_INTTYPES_H 1
| #define HAVE_STDINT_H 1
| #define HAVE_UNISTD_H 1
| #define HAVE_DLFCN_H 1
| #define LT_OBJDIR ".libs/"
| #define HAVE__BOOL 1
| #define HAVE_STDBOOL_H 1
| #define TLS __thread
| #define HAVE_BOOST 1
| #define HAVE_BOOST_MATH_SPECIAL_FUNCTIONS_HPP 1
| /* end confdefs.h.  */
| 
| #if defined __GNUC__ && __GNUC__ == 4 && __GNUC_MINOR__ == 3 && !defined __ICC
| /* OK */
| #else
| # error defined __GNUC__ && __GNUC__ == 4 && __GNUC_MINOR__ == 3 && !defined __ICC
| #endif
| 
| int
| main ()
| {
| 
|   ;
|   return 0;
| }
configure:20009: g++ -c -g -O2  conftest.cpp >&5
conftest.cpp:32:3: error: #error defined __GNUC__ && __GNUC__ == 4 && __GNUC_MINOR__ == 2 && !defined __ICC
 # error defined __GNUC__ && __GNUC__ == 4 && __GNUC_MINOR__ == 2 && !defined __ICC
   ^
configure:20009: $? = 1
configure: failed program was:
| /* confdefs.h */
| #define PACKAGE_NAME "grvy"
| #define PACKAGE_TARNAME "grvy"
| #define PACKAGE_VERSION "0.32.0"
| #define PACKAGE_STRING "grvy 0.32.0"
| #define PACKAGE_BUGREPORT "karl@ices.utexas.edu"
| #define PACKAGE_URL ""
| #define PACKAGE "grvy"
| #define VERSION "0.32.0"
| #define STDC_HEADERS 1
| #define HAVE_SYS_TYPES_H 1
| #define HAVE_SYS_STAT_H 1
| #define HAVE_STDLIB_H 1
| #define HAVE_STRING_H 1
| #define HAVE_MEMORY_H 1
| #define HAVE_STRINGS_H 1
| #define HAVE_INTTYPES_H 1
| #define HAVE_STDINT_H 1
| #define HAVE_UNISTD_H 1
| #define HAVE_DLFCN_H 1
| #define LT_OBJDIR ".libs/"
| #define HAVE__BOOL 1
| #define HAVE_STDBOOL_H 1
| #define TLS __thread
| #define HAVE_BOOST 1
| #define HAVE_BOOST_MATH_SPECIAL_FUNCTIONS_HPP 1
| /* end confdefs.h.  */
| 
| #if defined __GNUC__ && __GNUC__ == 4 && __GNUC_MINOR__ == 2 && !defined __ICC
| /* OK */
| #else
| # error defined __GNUC__ && __GNUC__ == 4 && __GNUC_MINOR__ == 2 && !defined __ICC
| #endif
| 
| int
| main ()
| {
| 
|   ;
|   return 0;
| }
configure:20009: g++ -c -g -O2  conftest.cpp >&5
conftest.cpp:32:3: error: #error defined __GNUC__ && __GNUC__ == 4 && __GNUC_MINOR__ == 1 && !defined __ICC
 # error defined __GNUC__ && __GNUC__ == 4 && __GNUC_MINOR__ == 1 && !defined __ICC
   ^
configure:20009: $? = 1
configure: failed program was:
| /* confdefs.h */
| #define PACKAGE_NAME "grvy"
| #define PACKAGE_TARNAME "grvy"
| #define PACKAGE_VERSION "0.32.0"
| #define PACKAGE_STRING "grvy 0.32.0"
| #define PACKAGE_BUGREPORT "karl@ices.utexas.edu"
| #define PACKAGE_URL ""
| #define PACKAGE "grvy"
| #define VERSION "0.32.0"
| #define STDC_HEADERS 1
| #define HAVE_SYS_TYPES_H 1
| #define HAVE_SYS_STAT_H 1
| #define HAVE_STDLIB_H 1
| #define HAVE_STRING_H 1
| #define HAVE_MEMORY_H 1
| #define HAVE_STRINGS_H 1
| #define HAVE_INTTYPES_H 1
| #define HAVE_STDINT_H 1
| #define HAVE_UNISTD_H 1
| #define HAVE_DLFCN_H 1
| #define LT_OBJDIR ".libs/"
| #define HAVE__BOOL 1
| #define HAVE_STDBOOL_H 1
| #define TLS __thread
| #define HAVE_BOOST 1
| #define HAVE_BOOST_MATH_SPECIAL_FUNCTIONS_HPP 1
| /* end confdefs.h.  */
| 
| #if defined __GNUC__ && __GNUC__ == 4 && __GNUC_MINOR__ == 1 && !defined __ICC
| /* OK */
| #else
| # error defined __GNUC__ && __GNUC__ == 4 && __GNUC_MINOR__ == 1 && !defined __ICC
| #endif
| 
| int
| main ()
| {
| 
|   ;
|   return 0;
| }
configure:20009: g++ -c -g -O2  conftest.cpp >&5
conftest.cpp:32:3: error: #error defined __GNUC__ && __GNUC__ == 4 && __GNUC_MINOR__ == 0 && !defined __ICC
 # error defined __GNUC__ && __GNUC__ == 4 && __GNUC_MINOR__ == 0 && !defined __ICC
   ^
configure:20009: $? = 1
configure: failed program was:
| /* confdefs.h */
| #define PACKAGE_NAME "grvy"
| #define PACKAGE_TARNAME "grvy"
| #define PACKAGE_VERSION "0.32.0"
| #define PACKAGE_STRING "grvy 0.32.0"
| #define PACKAGE_BUGREPORT "karl@ices.utexas.edu"
| #define PACKAGE_URL ""
| #define PACKAGE "grvy"
| #define VERSION "0.32.0"
| #define STDC_HEADERS 1
| #define HAVE_SYS_TYPES_H 1
| #define HAVE_SYS_STAT_H 1
| #define HAVE_STDLIB_H 1
| #define HAVE_STRING_H 1
| #define HAVE_MEMORY_H 1
| #define HAVE_STRINGS_H 1
| #define HAVE_INTTYPES_H 1
| #define HAVE_STDINT_H 1
| #define HAVE_UNISTD_H 1
| #define HAVE_DLFCN_H 1
| #define LT_OBJDIR ".libs/"
| #define HAVE__BOOL 1
| #define HAVE_STDBOOL_H 1
| #define TLS __thread
| #define HAVE_BOOST 1
| #define HAVE_BOOST_MATH_SPECIAL_FUNCTIONS_HPP 1
| /* end confdefs.h.  */
| 
| #if defined __GNUC__ && __GNUC__ == 4 && __GNUC_MINOR__ == 0 && !defined __ICC
| /* OK */
| #else
| # error defined __GNUC__ && __GNUC__ == 4 && __GNUC_MINOR__ == 0 && !defined __ICC
| #endif
| 
| int
| main ()
| {
| 
|   ;
|   return 0;
| }
configure:20009: g++ -c -g -O2  conftest.cpp >&5
conftest.cpp:32:3: error: #error defined __GNUC__ && __GNUC__ == 3 && !defined __ICC && (defined WIN32 || defined WINNT || defined _WIN32 || defined __WIN32 || defined __WIN32__ || defined __WINNT || defined __WINNT__)
 # error defined __GNUC__ && __GNUC__ == 3 && !defined __ICC      && (defined WIN32 || defined WINNT || defined _WIN32 || defined __WIN32          || defined __WIN32__ || defined __WINNT || defined __WINNT__)
   ^
configure:20009: $? = 1
configure: failed program was:
| /* confdefs.h */
| #define PACKAGE_NAME "grvy"
| #define PACKAGE_TARNAME "grvy"
| #define PACKAGE_VERSION "0.32.0"
| #define PACKAGE_STRING "grvy 0.32.0"
| #define PACKAGE_BUGREPORT "karl@ices.utexas.edu"
| #define PACKAGE_URL ""
| #define PACKAGE "grvy"
| #define VERSION "0.32.0"
| #define STDC_HEADERS 1
| #define HAVE_SYS_TYPES_H 1
| #define HAVE_SYS_STAT_H 1
| #define HAVE_STDLIB_H 1
| #define HAVE_STRING_H 1
| #define HAVE_MEMORY_H 1
| #define HAVE_STRINGS_H 1
| #define HAVE_INTTYPES_H 1
| #define HAVE_STDINT_H 1
| #define HAVE_UNISTD_H 1
| #define HAVE_DLFCN_H 1
| #define LT_OBJDIR ".libs/"
| #define HAVE__BOOL 1
| #define HAVE_STDBOOL_H 1
| #define TLS __thread
| #define HAVE_BOOST 1
| #define HAVE_BOOST_MATH_SPECIAL_FUNCTIONS_HPP 1
| /* end confdefs.h.  */
| 
| #if defined __GNUC__ && __GNUC__ == 3 && !defined __ICC      && (defined WIN32 || defined WINNT || defined _WIN32 || defined __WIN32          || defined __WIN32__ || defined __WINNT || defined __WINNT__)
| /* OK */
| #else
| # error defined __GNUC__ && __GNUC__ == 3 && !defined __ICC      && (defined WIN32 || defined WINNT || defined _WIN32 || defined __WIN32          || defined __WIN32__ || defined __WINNT || defined __WINNT__)
| #endif
| 
| int
| main ()
| {
| 
|   ;
|   return 0;
| }
configure:20009: g++ -c -g -O2  conftest.cpp >&5
conftest.cpp:32:3: error: #error defined __GNUC__ && __GNUC__ == 3 && __GNUC_MINOR__ == 4 && !defined __ICC
 # error defined __GNUC__ && __GNUC__ == 3 && __GNUC_MINOR__ == 4 && !defined __ICC
   ^
configure:20009: $? = 1
configure: failed program was:
| /* confdefs.h */
| #define PACKAGE_NAME "grvy"
| #define PACKAGE_TARNAME "grvy"
| #define PACKAGE_VERSION "0.32.0"
| #define PACKAGE_STRING "grvy 0.32.0"
| #define PACKAGE_BUGREPORT "karl@ices.utexas.edu"
| #define PACKAGE_URL ""
| #define PACKAGE "grvy"
| #define VERSION "0.32.0"
| #define STDC_HEADERS 1
| #define HAVE_SYS_TYPES_H 1
| #define HAVE_SYS_STAT_H 1
| #define HAVE_STDLIB_H 1
| #define HAVE_STRING_H 1
| #define HAVE_MEMORY_H 1
| #define HAVE_STRINGS_H 1
| #define HAVE_INTTYPES_H 1
| #define HAVE_STDINT_H 1
| #define HAVE_UNISTD_H 1
| #define HAVE_DLFCN_H 1
| #define LT_OBJDIR ".libs/"
| #define HAVE__BOOL 1
| #define HAVE_STDBOOL_H 1
| #define TLS __thread
| #define HAVE_BOOST 1
| #define HAVE_BOOST_MATH_SPECIAL_FUNCTIONS_HPP 1
| /* end confdefs.h.  */
| 
| #if defined __GNUC__ && __GNUC__ == 3 && __GNUC_MINOR__ == 4 && !defined __ICC
| /* OK */
| #else
| # error defined __GNUC__ && __GNUC__ == 3 && __GNUC_MINOR__ == 4 && !defined __ICC
| #endif
| 
| int
| main ()
| {
| 
|   ;
|   return 0;
| }
configure:20009: g++ -c -g -O2  conftest.cpp >&5
conftest.cpp:32:3: error: #error defined __GNUC__ && __GNUC__ == 3 && __GNUC_MINOR__ == 3 && !defined __ICC
 # error defined __GNUC__ && __GNUC__ == 3 && __GNUC_MINOR__ == 3 && !defined __ICC
   ^
configure:20009: $? = 1
configure: failed program was:
| /* confdefs.h */
| #define PACKAGE_NAME "grvy"
| #define PACKAGE_TARNAME "grvy"
| #define PACKAGE_VERSION "0.32.0"
| #define PACKAGE_STRING "grvy 0.32.0"
| #define PACKAGE_BUGREPORT "karl@ices.utexas.edu"
| #define PACKAGE_URL ""
| #define PACKAGE "grvy"
| #define VERSION "0.32.0"
| #define STDC_HEADERS 1
| #define HAVE_SYS_TYPES_H 1
| #define HAVE_SYS_STAT_H 1
| #define HAVE_STDLIB_H 1
| #define HAVE_STRING_H 1
| #define HAVE_MEMORY_H 1
| #define HAVE_STRINGS_H 1
| #define HAVE_INTTYPES_H 1
| #define HAVE_STDINT_H 1
| #define HAVE_UNISTD_H 1
| #define HAVE_DLFCN_H 1
| #define LT_OBJDIR ".libs/"
| #define HAVE__BOOL 1
| #define HAVE_STDBOOL_H 1
| #define TLS __thread
| #define HAVE_BOOST 1
| #define HAVE_BOOST_MATH_SPECIAL_FUNCTIONS_HPP 1
| /* end confdefs.h.  */
| 
| #if defined __GNUC__ && __GNUC__ == 3 && __GNUC_MINOR__ == 3 && !defined __ICC
| /* OK */
| #else
| # error defined __GNUC__ && __GNUC__ == 3 && __GNUC_MINOR__ == 3 && !defined __ICC
| #endif
| 
| int
| main ()
| {
| 
|   ;
|   return 0;
| }
configure:20009: g++ -c -g -O2  conftest.cpp >&5
conftest.cpp:32:3: error: #error defined _MSC_VER && _MSC_VER >= 1500
 # error defined _MSC_VER && _MSC_VER >= 1500
   ^
configure:20009: $? = 1
configure: failed program was:
| /* confdefs.h */
| #define PACKAGE_NAME "grvy"
| #define PACKAGE_TARNAME "grvy"
| #define PACKAGE_VERSION "0.32.0"
| #define PACKAGE_STRING "grvy 0.32.0"
| #define PACKAGE_BUGREPORT "karl@ices.utexas.edu"
| #define PACKAGE_URL ""
| #define PACKAGE "grvy"
| #define VERSION "0.32.0"
| #define STDC_HEADERS 1
| #define HAVE_SYS_TYPES_H 1
| #define HAVE_SYS_STAT_H 1
| #define HAVE_STDLIB_H 1
| #define HAVE_STRING_H 1
| #define HAVE_MEMORY_H 1
| #define HAVE_STRINGS_H 1
| #define HAVE_INTTYPES_H 1
| #define HAVE_STDINT_H 1
| #define HAVE_UNISTD_H 1
| #define HAVE_DLFCN_H 1
| #define LT_OBJDIR ".libs/"
| #define HAVE__BOOL 1
| #define HAVE_STDBOOL_H 1
| #define TLS __thread
| #define HAVE_BOOST 1
| #define HAVE_BOOST_MATH_SPECIAL_FUNCTIONS_HPP 1
| /* end confdefs.h.  */
| 
| #if defined _MSC_VER && _MSC_VER >= 1500
| /* OK */
| #else
| # error defined _MSC_VER && _MSC_VER >= 1500
| #endif
| 
| int
| main ()
| {
| 
|   ;
|   return 0;
| }
configure:20009: g++ -c -g -O2  conftest.cpp >&5
conftest.cpp:32:3: error: #error defined _MSC_VER && _MSC_VER == 1400
 # error defined _MSC_VER && _MSC_VER == 1400
   ^
configure:20009: $? = 1
configure: failed program was:
| /* confdefs.h */
| #define PACKAGE_NAME "grvy"
| #define PACKAGE_TARNAME "grvy"
| #define PACKAGE_VERSION "0.32.0"
| #define PACKAGE_STRING "grvy 0.32.0"
| #define PACKAGE_BUGREPORT "karl@ices.utexas.edu"
| #define PACKAGE_URL ""
| #define PACKAGE "grvy"
| #define VERSION "0.32.0"
| #define STDC_HEADERS 1
| #define HAVE_SYS_TYPES_H 1
| #define HAVE_SYS_STAT_H 1
| #define HAVE_STDLIB_H 1
| #define HAVE_STRING_H 1
| #define HAVE_MEMORY_H 1
| #define HAVE_STRINGS_H 1
| #define HAVE_INTTYPES_H 1
| #define HAVE_STDINT_H 1
| #define HAVE_UNISTD_H 1
| #define HAVE_DLFCN_H 1
| #define LT_OBJDIR ".libs/"
| #define HAVE__BOOL 1
| #define HAVE_STDBOOL_H 1
| #define TLS __thread
| #define HAVE_BOOST 1
| #define HAVE_BOOST_MATH_SPECIAL_FUNCTIONS_HPP 1
| /* end confdefs.h.  */
| 
| #if defined _MSC_VER && _MSC_VER == 1400
| /* OK */
| #else
| # error defined _MSC_VER && _MSC_VER == 1400
| #endif
| 
| int
| main ()
| {
| 
|   ;
|   return 0;
| }
configure:20009: g++ -c -g -O2  conftest.cpp >&5
conftest.cpp:32:3: error: #error defined __GNUC__ && __GNUC__ == 3 && __GNUC_MINOR__ == 2 && !defined __ICC
 # error defined __GNUC__ && __GNUC__ == 3 && __GNUC_MINOR__ == 2 && !defined __ICC
   ^
configure:20009: $? = 1
configure: failed program was:
| /* confdefs.h */
| #define PACKAGE_NAME "grvy"
| #define PACKAGE_TARNAME "grvy"
| #define PACKAGE_VERSION "0.32.0"
| #define PACKAGE_STRING "grvy 0.32.0"
| #define PACKAGE_BUGREPORT "karl@ices.utexas.edu"
| #define PACKAGE_URL ""
| #define PACKAGE "grvy"
| #define VERSION "0.32.0"
| #define STDC_HEADERS 1
| #define HAVE_SYS_TYPES_H 1
| #define HAVE_SYS_STAT_H 1
| #define HAVE_STDLIB_H 1
| #define HAVE_STRING_H 1
| #define HAVE_MEMORY_H 1
| #define HAVE_STRINGS_H 1
| #define HAVE_INTTYPES_H 1
| #define HAVE_STDINT_H 1
| #define HAVE_UNISTD_H 1
| #define HAVE_DLFCN_H 1
| #define LT_OBJDIR ".libs/"
| #define HAVE__BOOL 1
| #define HAVE_STDBOOL_H 1
| #define TLS __thread
| #define HAVE_BOOST 1
| #define HAVE_BOOST_MATH_SPECIAL_FUNCTIONS_HPP 1
| /* end confdefs.h.  */
| 
| #if defined __GNUC__ && __GNUC__ == 3 && __GNUC_MINOR__ == 2 && !defined __ICC
| /* OK */
| #else
| # error defined __GNUC__ && __GNUC__ == 3 && __GNUC_MINOR__ == 2 && !defined __ICC
| #endif
| 
| int
| main ()
| {
| 
|   ;
|   return 0;
| }
configure:20009: g++ -c -g -O2  conftest.cpp >&5
conftest.cpp:32:3: error: #error defined _MSC_VER && _MSC_VER == 1310
 # error defined _MSC_VER && _MSC_VER == 1310
   ^
configure:20009: $? = 1
configure: failed program was:
| /* confdefs.h */
| #define PACKAGE_NAME "grvy"
| #define PACKAGE_TARNAME "grvy"
| #define PACKAGE_VERSION "0.32.0"
| #define PACKAGE_STRING "grvy 0.32.0"
| #define PACKAGE_BUGREPORT "karl@ices.utexas.edu"
| #define PACKAGE_URL ""
| #define PACKAGE "grvy"
| #define VERSION "0.32.0"
| #define STDC_HEADERS 1
| #define HAVE_SYS_TYPES_H 1
| #define HAVE_SYS_STAT_H 1
| #define HAVE_STDLIB_H 1
| #define HAVE_STRING_H 1
| #define HAVE_MEMORY_H 1
| #define HAVE_STRINGS_H 1
| #define HAVE_INTTYPES_H 1
| #define HAVE_STDINT_H 1
| #define HAVE_UNISTD_H 1
| #define HAVE_DLFCN_H 1
| #define LT_OBJDIR ".libs/"
| #define HAVE__BOOL 1
| #define HAVE_STDBOOL_H 1
| #define TLS __thread
| #define HAVE_BOOST 1
| #define HAVE_BOOST_MATH_SPECIAL_FUNCTIONS_HPP 1
| /* end confdefs.h.  */
| 
| #if defined _MSC_VER && _MSC_VER == 1310
| /* OK */
| #else
| # error defined _MSC_VER && _MSC_VER == 1310
| #endif
| 
| int
| main ()
| {
| 
|   ;
|   return 0;
| }
configure:20009: g++ -c -g -O2  conftest.cpp >&5
conftest.cpp:32:3: error: #error defined __GNUC__ && __GNUC__ == 3 && __GNUC_MINOR__ == 1 && !defined __ICC
 # error defined __GNUC__ && __GNUC__ == 3 && __GNUC_MINOR__ == 1 && !defined __ICC
   ^
configure:20009: $? = 1
configure: failed program was:
| /* confdefs.h */
| #define PACKAGE_NAME "grvy"
| #define PACKAGE_TARNAME "grvy"
| #define PACKAGE_VERSION "0.32.0"
| #define PACKAGE_STRING "grvy 0.32.0"
| #define PACKAGE_BUGREPORT "karl@ices.utexas.edu"
| #define PACKAGE_URL ""
| #define PACKAGE "grvy"
| #define VERSION "0.32.0"
| #define STDC_HEADERS 1
| #define HAVE_SYS_TYPES_H 1
| #define HAVE_SYS_STAT_H 1
| #define HAVE_STDLIB_H 1
| #define HAVE_STRING_H 1
| #define HAVE_MEMORY_H 1
| #define HAVE_STRINGS_H 1
| #define HAVE_INTTYPES_H 1
| #define HAVE_STDINT_H 1
| #define HAVE_UNISTD_H 1
| #define HAVE_DLFCN_H 1
| #define LT_OBJDIR ".libs/"
| #define HAVE__BOOL 1
| #define HAVE_STDBOOL_H 1
| #define TLS __thread
| #define HAVE_BOOST 1
| #define HAVE_BOOST_MATH_SPECIAL_FUNCTIONS_HPP 1
| /* end confdefs.h.  */
| 
| #if defined __GNUC__ && __GNUC__ == 3 && __GNUC_MINOR__ == 1 && !defined __ICC
| /* OK */
| #else
| # error defined __GNUC__ && __GNUC__ == 3 && __GNUC_MINOR__ == 1 && !defined __ICC
| #endif
| 
| int
| main ()
| {
| 
|   ;
|   return 0;
| }
configure:20009: g++ -c -g -O2  conftest.cpp >&5
conftest.cpp:32:3: error: #error defined __GNUC__ && __GNUC__ == 3 && __GNUC_MINOR__ == 0 && !defined __ICC
 # error defined __GNUC__ && __GNUC__ == 3 && __GNUC_MINOR__ == 0 && !defined __ICC
   ^
configure:20009: $? = 1
configure: failed program was:
| /* confdefs.h */
| #define PACKAGE_NAME "grvy"
| #define PACKAGE_TARNAME "grvy"
| #define PACKAGE_VERSION "0.32.0"
| #define PACKAGE_STRING "grvy 0.32.0"
| #define PACKAGE_BUGREPORT "karl@ices.utexas.edu"
| #define PACKAGE_URL ""
| #define PACKAGE "grvy"
| #define VERSION "0.32.0"
| #define STDC_HEADERS 1
| #define HAVE_SYS_TYPES_H 1
| #define HAVE_SYS_STAT_H 1
| #define HAVE_STDLIB_H 1
| #define HAVE_STRING_H 1
| #define HAVE_MEMORY_H 1
| #define HAVE_STRINGS_H 1
| #define HAVE_INTTYPES_H 1
| #define HAVE_STDINT_H 1
| #define HAVE_UNISTD_H 1
| #define HAVE_DLFCN_H 1
| #define LT_OBJDIR ".libs/"
| #define HAVE__BOOL 1
| #define HAVE_STDBOOL_H 1
| #define TLS __thread
| #define HAVE_BOOST 1
| #define HAVE_BOOST_MATH_SPECIAL_FUNCTIONS_HPP 1
| /* end confdefs.h.  */
| 
| #if defined __GNUC__ && __GNUC__ == 3 && __GNUC_MINOR__ == 0 && !defined __ICC
| /* OK */
| #else
| # error defined __GNUC__ && __GNUC__ == 3 && __GNUC_MINOR__ == 0 && !defined __ICC
| #endif
| 
| int
| main ()
| {
| 
|   ;
|   return 0;
| }
configure:20009: g++ -c -g -O2  conftest.cpp >&5
conftest.cpp:32:3: error: #error defined __BORLANDC__
 # error defined __BORLANDC__
   ^
configure:20009: $? = 1
configure: failed program was:
| /* confdefs.h */
| #define PACKAGE_NAME "grvy"
| #define PACKAGE_TARNAME "grvy"
| #define PACKAGE_VERSION "0.32.0"
| #define PACKAGE_STRING "grvy 0.32.0"
| #define PACKAGE_BUGREPORT "karl@ices.utexas.edu"
| #define PACKAGE_URL ""
| #define PACKAGE "grvy"
| #define VERSION "0.32.0"
| #define STDC_HEADERS 1
| #define HAVE_SYS_TYPES_H 1
| #define HAVE_SYS_STAT_H 1
| #define HAVE_STDLIB_H 1
| #define HAVE_STRING_H 1
| #define HAVE_MEMORY_H 1
| #define HAVE_STRINGS_H 1
| #define HAVE_INTTYPES_H 1
| #define HAVE_STDINT_H 1
| #define HAVE_UNISTD_H 1
| #define HAVE_DLFCN_H 1
| #define LT_OBJDIR ".libs/"
| #define HAVE__BOOL 1
| #define HAVE_STDBOOL_H 1
| #define TLS __thread
| #define HAVE_BOOST 1
| #define HAVE_BOOST_MATH_SPECIAL_FUNCTIONS_HPP 1
| /* end confdefs.h.  */
| 
| #if defined __BORLANDC__
| /* OK */
| #else
| # error defined __BORLANDC__
| #endif
| 
| int
| main ()
| {
| 
|   ;
|   return 0;
| }
configure:20009: g++ -c -g -O2  conftest.cpp >&5
conftest.cpp:29:49: error: operator "defined" requires an identifier
 #if defined __ICC && (defined __unix || defined )
                                                 ^
conftest.cpp:29:22: error: missing ')' in expression
 #if defined __ICC && (defined __unix || defined )
                      ^
conftest.cpp:32:3: error: #error defined __ICC && (defined __unix || defined )
 # error defined __ICC && (defined __unix || defined )
   ^
configure:20009: $? = 1
configure: failed program was:
| /* confdefs.h */
| #define PACKAGE_NAME "grvy"
| #define PACKAGE_TARNAME "grvy"
| #define PACKAGE_VERSION "0.32.0"
| #define PACKAGE_STRING "grvy 0.32.0"
| #define PACKAGE_BUGREPORT "karl@ices.utexas.edu"
| #define PACKAGE_URL ""
| #define PACKAGE "grvy"
| #define VERSION "0.32.0"
| #define STDC_HEADERS 1
| #define HAVE_SYS_TYPES_H 1
| #define HAVE_SYS_STAT_H 1
| #define HAVE_STDLIB_H 1
| #define HAVE_STRING_H 1
| #define HAVE_MEMORY_H 1
| #define HAVE_STRINGS_H 1
| #define HAVE_INTTYPES_H 1
| #define HAVE_STDINT_H 1
| #define HAVE_UNISTD_H 1
| #define HAVE_DLFCN_H 1
| #define LT_OBJDIR ".libs/"
| #define HAVE__BOOL 1
| #define HAVE_STDBOOL_H 1
| #define TLS __thread
| #define HAVE_BOOST 1
| #define HAVE_BOOST_MATH_SPECIAL_FUNCTIONS_HPP 1
| /* end confdefs.h.  */
| 
| #if defined __ICC && (defined __unix || defined )
| /* OK */
| #else
| # error defined __ICC && (defined __unix || defined )
| #endif
| 
| int
| main ()
| {
| 
|   ;
|   return 0;
| }
configure:20009: g++ -c -g -O2  conftest.cpp >&5
conftest.cpp:32:3: error: #error defined __ICL
 # error defined __ICL
   ^
configure:20009: $? = 1
configure: failed program was:
| /* confdefs.h */
| #define PACKAGE_NAME "grvy"
| #define PACKAGE_TARNAME "grvy"
| #define PACKAGE_VERSION "0.32.0"
| #define PACKAGE_STRING "grvy 0.32.0"
| #define PACKAGE_BUGREPORT "karl@ices.utexas.edu"
| #define PACKAGE_URL ""
| #define PACKAGE "grvy"
| #define VERSION "0.32.0"
| #define STDC_HEADERS 1
| #define HAVE_SYS_TYPES_H 1
| #define HAVE_SYS_STAT_H 1
| #define HAVE_STDLIB_H 1
| #define HAVE_STRING_H 1
| #define HAVE_MEMORY_H 1
| #define HAVE_STRINGS_H 1
| #define HAVE_INTTYPES_H 1
| #define HAVE_STDINT_H 1
| #define HAVE_UNISTD_H 1
| #define HAVE_DLFCN_H 1
| #define LT_OBJDIR ".libs/"
| #define HAVE__BOOL 1
| #define HAVE_STDBOOL_H 1
| #define TLS __thread
| #define HAVE_BOOST 1
| #define HAVE_BOOST_MATH_SPECIAL_FUNCTIONS_HPP 1
| /* end confdefs.h.  */
| 
| #if defined __ICL
| /* OK */
| #else
| # error defined __ICL
| #endif
| 
| int
| main ()
| {
| 
|   ;
|   return 0;
| }
configure:20009: g++ -c -g -O2  conftest.cpp >&5
conftest.cpp:32:3: error: #error defined _MSC_VER && _MSC_VER == 1300
 # error defined _MSC_VER && _MSC_VER == 1300
   ^
configure:20009: $? = 1
configure: failed program was:
| /* confdefs.h */
| #define PACKAGE_NAME "grvy"
| #define PACKAGE_TARNAME "grvy"
| #define PACKAGE_VERSION "0.32.0"
| #define PACKAGE_STRING "grvy 0.32.0"
| #define PACKAGE_BUGREPORT "karl@ices.utexas.edu"
| #define PACKAGE_URL ""
| #define PACKAGE "grvy"
| #define VERSION "0.32.0"
| #define STDC_HEADERS 1
| #define HAVE_SYS_TYPES_H 1
| #define HAVE_SYS_STAT_H 1
| #define HAVE_STDLIB_H 1
| #define HAVE_STRING_H 1
| #define HAVE_MEMORY_H 1
| #define HAVE_STRINGS_H 1
| #define HAVE_INTTYPES_H 1
| #define HAVE_STDINT_H 1
| #define HAVE_UNISTD_H 1
| #define HAVE_DLFCN_H 1
| #define LT_OBJDIR ".libs/"
| #define HAVE__BOOL 1
| #define HAVE_STDBOOL_H 1
| #define TLS __thread
| #define HAVE_BOOST 1
| #define HAVE_BOOST_MATH_SPECIAL_FUNCTIONS_HPP 1
| /* end confdefs.h.  */
| 
| #if defined _MSC_VER && _MSC_VER == 1300
| /* OK */
| #else
| # error defined _MSC_VER && _MSC_VER == 1300
| #endif
| 
| int
| main ()
| {
| 
|   ;
|   return 0;
| }
configure:20009: g++ -c -g -O2  conftest.cpp >&5
conftest.cpp:32:3: error: #error defined __GNUC__ && __GNUC__ == 2 && __GNUC_MINOR__ == 95 && !defined __ICC
 # error defined __GNUC__ && __GNUC__ == 2 && __GNUC_MINOR__ == 95 && !defined __ICC
   ^
configure:20009: $? = 1
configure: failed program was:
| /* confdefs.h */
| #define PACKAGE_NAME "grvy"
| #define PACKAGE_TARNAME "grvy"
| #define PACKAGE_VERSION "0.32.0"
| #define PACKAGE_STRING "grvy 0.32.0"
| #define PACKAGE_BUGREPORT "karl@ices.utexas.edu"
| #define PACKAGE_URL ""
| #define PACKAGE "grvy"
| #define VERSION "0.32.0"
| #define STDC_HEADERS 1
| #define HAVE_SYS_TYPES_H 1
| #define HAVE_SYS_STAT_H 1
| #define HAVE_STDLIB_H 1
| #define HAVE_STRING_H 1
| #define HAVE_MEMORY_H 1
| #define HAVE_STRINGS_H 1
| #define HAVE_INTTYPES_H 1
| #define HAVE_STDINT_H 1
| #define HAVE_UNISTD_H 1
| #define HAVE_DLFCN_H 1
| #define LT_OBJDIR ".libs/"
| #define HAVE__BOOL 1
| #define HAVE_STDBOOL_H 1
| #define TLS __thread
| #define HAVE_BOOST 1
| #define HAVE_BOOST_MATH_SPECIAL_FUNCTIONS_HPP 1
| /* end confdefs.h.  */
| 
| #if defined __GNUC__ && __GNUC__ == 2 && __GNUC_MINOR__ == 95 && !defined __ICC
| /* OK */
| #else
| # error defined __GNUC__ && __GNUC__ == 2 && __GNUC_MINOR__ == 95 && !defined __ICC
| #endif
| 
| int
| main ()
| {
| 
|   ;
|   return 0;
| }
configure:20009: g++ -c -g -O2  conftest.cpp >&5
conftest.cpp:32:3: error: #error defined __MWERKS__ && __MWERKS__ <= 0x32FF
 # error defined __MWERKS__ && __MWERKS__ <= 0x32FF
   ^
configure:20009: $? = 1
configure: failed program was:
| /* confdefs.h */
| #define PACKAGE_NAME "grvy"
| #define PACKAGE_TARNAME "grvy"
| #define PACKAGE_VERSION "0.32.0"
| #define PACKAGE_STRING "grvy 0.32.0"
| #define PACKAGE_BUGREPORT "karl@ices.utexas.edu"
| #define PACKAGE_URL ""
| #define PACKAGE "grvy"
| #define VERSION "0.32.0"
| #define STDC_HEADERS 1
| #define HAVE_SYS_TYPES_H 1
| #define HAVE_SYS_STAT_H 1
| #define HAVE_STDLIB_H 1
| #define HAVE_STRING_H 1
| #define HAVE_MEMORY_H 1
| #define HAVE_STRINGS_H 1
| #define HAVE_INTTYPES_H 1
| #define HAVE_STDINT_H 1
| #define HAVE_UNISTD_H 1
| #define HAVE_DLFCN_H 1
| #define LT_OBJDIR ".libs/"
| #define HAVE__BOOL 1
| #define HAVE_STDBOOL_H 1
| #define TLS __thread
| #define HAVE_BOOST 1
| #define HAVE_BOOST_MATH_SPECIAL_FUNCTIONS_HPP 1
| /* end confdefs.h.  */
| 
| #if defined __MWERKS__ && __MWERKS__ <= 0x32FF
| /* OK */
| #else
| # error defined __MWERKS__ && __MWERKS__ <= 0x32FF
| #endif
| 
| int
| main ()
| {
| 
|   ;
|   return 0;
| }
configure:20009: g++ -c -g -O2  conftest.cpp >&5
conftest.cpp:32:3: error: #error defined _MSC_VER && _MSC_VER < 1300 && !defined UNDER_CE
 # error defined _MSC_VER && _MSC_VER < 1300 && !defined UNDER_CE
   ^
configure:20009: $? = 1
configure: failed program was:
| /* confdefs.h */
| #define PACKAGE_NAME "grvy"
| #define PACKAGE_TARNAME "grvy"
| #define PACKAGE_VERSION "0.32.0"
| #define PACKAGE_STRING "grvy 0.32.0"
| #define PACKAGE_BUGREPORT "karl@ices.utexas.edu"
| #define PACKAGE_URL ""
| #define PACKAGE "grvy"
| #define VERSION "0.32.0"
| #define STDC_HEADERS 1
| #define HAVE_SYS_TYPES_H 1
| #define HAVE_SYS_STAT_H 1
| #define HAVE_STDLIB_H 1
| #define HAVE_STRING_H 1
| #define HAVE_MEMORY_H 1
| #define HAVE_STRINGS_H 1
| #define HAVE_INTTYPES_H 1
| #define HAVE_STDINT_H 1
| #define HAVE_UNISTD_H 1
| #define HAVE_DLFCN_H 1
| #define LT_OBJDIR ".libs/"
| #define HAVE__BOOL 1
| #define HAVE_STDBOOL_H 1
| #define TLS __thread
| #define HAVE_BOOST 1
| #define HAVE_BOOST_MATH_SPECIAL_FUNCTIONS_HPP 1
| /* end confdefs.h.  */
| 
| #if defined _MSC_VER && _MSC_VER < 1300 && !defined UNDER_CE
| /* OK */
| #else
| # error defined _MSC_VER && _MSC_VER < 1300 && !defined UNDER_CE
| #endif
| 
| int
| main ()
| {
| 
|   ;
|   return 0;
| }
configure:20009: g++ -c -g -O2  conftest.cpp >&5
conftest.cpp:32:3: error: #error defined _MSC_VER && _MSC_VER < 1300 && defined UNDER_CE
 # error defined _MSC_VER && _MSC_VER < 1300 && defined UNDER_CE
   ^
configure:20009: $? = 1
configure: failed program was:
| /* confdefs.h */
| #define PACKAGE_NAME "grvy"
| #define PACKAGE_TARNAME "grvy"
| #define PACKAGE_VERSION "0.32.0"
| #define PACKAGE_STRING "grvy 0.32.0"
| #define PACKAGE_BUGREPORT "karl@ices.utexas.edu"
| #define PACKAGE_URL ""
| #define PACKAGE "grvy"
| #define VERSION "0.32.0"
| #define STDC_HEADERS 1
| #define HAVE_SYS_TYPES_H 1
| #define HAVE_SYS_STAT_H 1
| #define HAVE_STDLIB_H 1
| #define HAVE_STRING_H 1
| #define HAVE_MEMORY_H 1
| #define HAVE_STRINGS_H 1
| #define HAVE_INTTYPES_H 1
| #define HAVE_STDINT_H 1
| #define HAVE_UNISTD_H 1
| #define HAVE_DLFCN_H 1
| #define LT_OBJDIR ".libs/"
| #define HAVE__BOOL 1
| #define HAVE_STDBOOL_H 1
| #define TLS __thread
| #define HAVE_BOOST 1
| #define HAVE_BOOST_MATH_SPECIAL_FUNCTIONS_HPP 1
| /* end confdefs.h.  */
| 
| #if defined _MSC_VER && _MSC_VER < 1300 && defined UNDER_CE
| /* OK */
| #else
| # error defined _MSC_VER && _MSC_VER < 1300 && defined UNDER_CE
| #endif
| 
| int
| main ()
| {
| 
|   ;
|   return 0;
| }
configure:20009: g++ -c -g -O2  conftest.cpp >&5
conftest.cpp:32:3: error: #error defined __MWERKS__ && __MWERKS__ <= 0x31FF
 # error defined __MWERKS__ && __MWERKS__ <= 0x31FF
   ^
configure:20009: $? = 1
configure: failed program was:
| /* confdefs.h */
| #define PACKAGE_NAME "grvy"
| #define PACKAGE_TARNAME "grvy"
| #define PACKAGE_VERSION "0.32.0"
| #define PACKAGE_STRING "grvy 0.32.0"
| #define PACKAGE_BUGREPORT "karl@ices.utexas.edu"
| #define PACKAGE_URL ""
| #define PACKAGE "grvy"
| #define VERSION "0.32.0"
| #define STDC_HEADERS 1
| #define HAVE_SYS_TYPES_H 1
| #define HAVE_SYS_STAT_H 1
| #define HAVE_STDLIB_H 1
| #define HAVE_STRING_H 1
| #define HAVE_MEMORY_H 1
| #define HAVE_STRINGS_H 1
| #define HAVE_INTTYPES_H 1
| #define HAVE_STDINT_H 1
| #define HAVE_UNISTD_H 1
| #define HAVE_DLFCN_H 1
| #define LT_OBJDIR ".libs/"
| #define HAVE__BOOL 1
| #define HAVE_STDBOOL_H 1
| #define TLS __thread
| #define HAVE_BOOST 1
| #define HAVE_BOOST_MATH_SPECIAL_FUNCTIONS_HPP 1
| /* end confdefs.h.  */
| 
| #if defined __MWERKS__ && __MWERKS__ <= 0x31FF
| /* OK */
| #else
| # error defined __MWERKS__ && __MWERKS__ <= 0x31FF
| #endif
| 
| int
| main ()
| {
| 
|   ;
|   return 0;
| }
configure:20037: WARNING: could not figure out which toolset name to use for g++
configure:20044: result: 
configure:20071: g++ -c -g -O2  conftest.cpp >&5
conftest.cpp:32:3: error: #error MT not needed
 # error MT not needed
   ^
configure:20071: $? = 1
configure: failed program was:
| /* confdefs.h */
| #define PACKAGE_NAME "grvy"
| #define PACKAGE_TARNAME "grvy"
| #define PACKAGE_VERSION "0.32.0"
| #define PACKAGE_STRING "grvy 0.32.0"
| #define PACKAGE_BUGREPORT "karl@ices.utexas.edu"
| #define PACKAGE_URL ""
| #define PACKAGE "grvy"
| #define VERSION "0.32.0"
| #define STDC_HEADERS 1
| #define HAVE_SYS_TYPES_H 1
| #define HAVE_SYS_STAT_H 1
| #define HAVE_STDLIB_H 1
| #define HAVE_STRING_H 1
| #define HAVE_MEMORY_H 1
| #define HAVE_STRINGS_H 1
| #define HAVE_INTTYPES_H 1
| #define HAVE_STDINT_H 1
| #define HAVE_UNISTD_H 1
| #define HAVE_DLFCN_H 1
| #define LT_OBJDIR ".libs/"
| #define HAVE__BOOL 1
| #define HAVE_STDBOOL_H 1
| #define TLS __thread
| #define HAVE_BOOST 1
| #define HAVE_BOOST_MATH_SPECIAL_FUNCTIONS_HPP 1
| /* end confdefs.h.  */
| 
| #if defined _REENTRANT || defined _MT || defined __MT__
| /* use -mt */
| #else
| # error MT not needed
| #endif
| 
| int
| main ()
| {
| 
|   ;
|   return 0;
| }
configure:20102: checking boost/system/error_code.hpp usability
configure:20102: g++ -c -g -O2  -I/home/tuk59/Downloads/boost_1_65_1 conftest.cpp >&5
configure:20102: $? = 0
configure:20102: result: yes
configure:20102: checking boost/system/error_code.hpp presence
configure:20102: g++ -E  -I/home/tuk59/Downloads/boost_1_65_1 conftest.cpp
configure:20102: $? = 0
configure:20102: result: yes
configure:20102: checking for boost/system/error_code.hpp
configure:20102: result: yes
configure:20129: checking for the Boost system library
configure:20171: g++ -c -g -O2  -I/home/tuk59/Downloads/boost_1_65_1 conftest.cpp >&5
configure:20171: $? = 0
configure:20238: re-using the existing conftest.o
configure:20244: g++ -o conftest -g -O2  -I/home/tuk59/Downloads/boost_1_65_1  -L/usr/local/lib conftest.o -lboost_system--1_65_1  >&5
/usr/bin/ld: cannot find -lboost_system--1_65_1
collect2: error: ld returned 1 exit status
configure:20253: $? = 1
configure:20238: re-using the existing conftest.o
configure:20244: g++ -o conftest -g -O2  -I/home/tuk59/Downloads/boost_1_65_1  -L/usr/lib conftest.o -lboost_system--1_65_1  >&5
/usr/bin/ld: cannot find -lboost_system--1_65_1
collect2: error: ld returned 1 exit status
configure:20253: $? = 1
configure:20238: re-using the existing conftest.o
configure:20244: g++ -o conftest -g -O2  -I/home/tuk59/Downloads/boost_1_65_1  -L/home/tuk59/Downloads/boost_1_65_1 conftest.o -lboost_system--1_65_1  >&5
/usr/bin/ld: cannot find -lboost_system--1_65_1
collect2: error: ld returned 1 exit status
configure:20253: $? = 1
configure:20238: re-using the existing conftest.o
configure:20244: g++ -o conftest -g -O2  -I/home/tuk59/Downloads/boost_1_65_1  -L/lib conftest.o -lboost_system--1_65_1  >&5
/usr/bin/ld: cannot find -lboost_system--1_65_1
collect2: error: ld returned 1 exit status
configure:20253: $? = 1
configure:20238: re-using the existing conftest.o
configure:20244: g++ -o conftest -g -O2  -I/home/tuk59/Downloads/boost_1_65_1  -L/lib64 conftest.o -lboost_system--1_65_1  >&5
/usr/bin/ld: cannot find -lboost_system--1_65_1
collect2: error: ld returned 1 exit status
configure:20253: $? = 1
configure:20238: re-using the existing conftest.o
configure:20244: g++ -o conftest -g -O2  -I/home/tuk59/Downloads/boost_1_65_1  -L/usr/local/lib conftest.o -lboost_system--d-1_65_1  >&5
/usr/bin/ld: cannot find -lboost_system--d-1_65_1
collect2: error: ld returned 1 exit status
configure:20253: $? = 1
configure:20238: re-using the existing conftest.o
configure:20244: g++ -o conftest -g -O2  -I/home/tuk59/Downloads/boost_1_65_1  -L/usr/lib conftest.o -lboost_system--d-1_65_1  >&5
/usr/bin/ld: cannot find -lboost_system--d-1_65_1
collect2: error: ld returned 1 exit status
configure:20253: $? = 1
configure:20238: re-using the existing conftest.o
configure:20244: g++ -o conftest -g -O2  -I/home/tuk59/Downloads/boost_1_65_1  -L/home/tuk59/Downloads/boost_1_65_1 conftest.o -lboost_system--d-1_65_1  >&5
/usr/bin/ld: cannot find -lboost_system--d-1_65_1
collect2: error: ld returned 1 exit status
configure:20253: $? = 1
configure:20238: re-using the existing conftest.o
configure:20244: g++ -o conftest -g -O2  -I/home/tuk59/Downloads/boost_1_65_1  -L/lib conftest.o -lboost_system--d-1_65_1  >&5
/usr/bin/ld: cannot find -lboost_system--d-1_65_1
collect2: error: ld returned 1 exit status
configure:20253: $? = 1
configure:20238: re-using the existing conftest.o
configure:20244: g++ -o conftest -g -O2  -I/home/tuk59/Downloads/boost_1_65_1  -L/lib64 conftest.o -lboost_system--d-1_65_1  >&5
/usr/bin/ld: cannot find -lboost_system--d-1_65_1
collect2: error: ld returned 1 exit status
configure:20253: $? = 1
configure:20238: re-using the existing conftest.o
configure:20244: g++ -o conftest -g -O2  -I/home/tuk59/Downloads/boost_1_65_1  -L/usr/local/lib conftest.o -lboost_system--mt-1_65_1  >&5
/usr/bin/ld: cannot find -lboost_system--mt-1_65_1
collect2: error: ld returned 1 exit status
configure:20253: $? = 1
configure:20238: re-using the existing conftest.o
configure:20244: g++ -o conftest -g -O2  -I/home/tuk59/Downloads/boost_1_65_1  -L/usr/lib conftest.o -lboost_system--mt-1_65_1  >&5
/usr/bin/ld: cannot find -lboost_system--mt-1_65_1
collect2: error: ld returned 1 exit status
configure:20253: $? = 1
configure:20238: re-using the existing conftest.o
configure:20244: g++ -o conftest -g -O2  -I/home/tuk59/Downloads/boost_1_65_1  -L/home/tuk59/Downloads/boost_1_65_1 conftest.o -lboost_system--mt-1_65_1  >&5
/usr/bin/ld: cannot find -lboost_system--mt-1_65_1
collect2: error: ld returned 1 exit status
configure:20253: $? = 1
configure:20238: re-using the existing conftest.o
configure:20244: g++ -o conftest -g -O2  -I/home/tuk59/Downloads/boost_1_65_1  -L/lib conftest.o -lboost_system--mt-1_65_1  >&5
/usr/bin/ld: cannot find -lboost_system--mt-1_65_1
collect2: error: ld returned 1 exit status
configure:20253: $? = 1
configure:20238: re-using the existing conftest.o
configure:20244: g++ -o conftest -g -O2  -I/home/tuk59/Downloads/boost_1_65_1  -L/lib64 conftest.o -lboost_system--mt-1_65_1  >&5
/usr/bin/ld: cannot find -lboost_system--mt-1_65_1
collect2: error: ld returned 1 exit status
configure:20253: $? = 1
configure:20238: re-using the existing conftest.o
configure:20244: g++ -o conftest -g -O2  -I/home/tuk59/Downloads/boost_1_65_1  -L/usr/local/lib conftest.o -lboost_system--mt-d-1_65_1  >&5
/usr/bin/ld: cannot find -lboost_system--mt-d-1_65_1
collect2: error: ld returned 1 exit status
configure:20253: $? = 1
configure:20238: re-using the existing conftest.o
configure:20244: g++ -o conftest -g -O2  -I/home/tuk59/Downloads/boost_1_65_1  -L/usr/lib conftest.o -lboost_system--mt-d-1_65_1  >&5
/usr/bin/ld: cannot find -lboost_system--mt-d-1_65_1
collect2: error: ld returned 1 exit status
configure:20253: $? = 1
configure:20238: re-using the existing conftest.o
configure:20244: g++ -o conftest -g -O2  -I/home/tuk59/Downloads/boost_1_65_1  -L/home/tuk59/Downloads/boost_1_65_1 conftest.o -lboost_system--mt-d-1_65_1  >&5
/usr/bin/ld: cannot find -lboost_system--mt-d-1_65_1
collect2: error: ld returned 1 exit status
configure:20253: $? = 1
configure:20238: re-using the existing conftest.o
configure:20244: g++ -o conftest -g -O2  -I/home/tuk59/Downloads/boost_1_65_1  -L/lib conftest.o -lboost_system--mt-d-1_65_1  >&5
/usr/bin/ld: cannot find -lboost_system--mt-d-1_65_1
collect2: error: ld returned 1 exit status
configure:20253: $? = 1
configure:20238: re-using the existing conftest.o
configure:20244: g++ -o conftest -g -O2  -I/home/tuk59/Downloads/boost_1_65_1  -L/lib64 conftest.o -lboost_system--mt-d-1_65_1  >&5
/usr/bin/ld: cannot find -lboost_system--mt-d-1_65_1
collect2: error: ld returned 1 exit status
configure:20253: $? = 1
configure:20238: re-using the existing conftest.o
configure:20244: g++ -o conftest -g -O2  -I/home/tuk59/Downloads/boost_1_65_1  -L/usr/local/lib conftest.o -lboost_system-  >&5
/usr/bin/ld: cannot find -lboost_system-
collect2: error: ld returned 1 exit status
configure:20253: $? = 1
configure:20238: re-using the existing conftest.o
configure:20244: g++ -o conftest -g -O2  -I/home/tuk59/Downloads/boost_1_65_1  -L/usr/lib conftest.o -lboost_system-  >&5
/usr/bin/ld: cannot find -lboost_system-
collect2: error: ld returned 1 exit status
configure:20253: $? = 1
configure:20238: re-using the existing conftest.o
configure:20244: g++ -o conftest -g -O2  -I/home/tuk59/Downloads/boost_1_65_1  -L/home/tuk59/Downloads/boost_1_65_1 conftest.o -lboost_system-  >&5
/usr/bin/ld: cannot find -lboost_system-
collect2: error: ld returned 1 exit status
configure:20253: $? = 1
configure:20238: re-using the existing conftest.o
configure:20244: g++ -o conftest -g -O2  -I/home/tuk59/Downloads/boost_1_65_1  -L/lib conftest.o -lboost_system-  >&5
/usr/bin/ld: cannot find -lboost_system-
collect2: error: ld returned 1 exit status
configure:20253: $? = 1
configure:20238: re-using the existing conftest.o
configure:20244: g++ -o conftest -g -O2  -I/home/tuk59/Downloads/boost_1_65_1  -L/lib64 conftest.o -lboost_system-  >&5
/usr/bin/ld: cannot find -lboost_system-
collect2: error: ld returned 1 exit status
configure:20253: $? = 1
configure:20238: re-using the existing conftest.o
configure:20244: g++ -o conftest -g -O2  -I/home/tuk59/Downloads/boost_1_65_1  -L/usr/local/lib conftest.o -lboost_system--d  >&5
/usr/bin/ld: cannot find -lboost_system--d
collect2: error: ld returned 1 exit status
configure:20253: $? = 1
configure:20238: re-using the existing conftest.o
configure:20244: g++ -o conftest -g -O2  -I/home/tuk59/Downloads/boost_1_65_1  -L/usr/lib conftest.o -lboost_system--d  >&5
/usr/bin/ld: cannot find -lboost_system--d
collect2: error: ld returned 1 exit status
configure:20253: $? = 1
configure:20238: re-using the existing conftest.o
configure:20244: g++ -o conftest -g -O2  -I/home/tuk59/Downloads/boost_1_65_1  -L/home/tuk59/Downloads/boost_1_65_1 conftest.o -lboost_system--d  >&5
/usr/bin/ld: cannot find -lboost_system--d
collect2: error: ld returned 1 exit status
configure:20253: $? = 1
configure:20238: re-using the existing conftest.o
configure:20244: g++ -o conftest -g -O2  -I/home/tuk59/Downloads/boost_1_65_1  -L/lib conftest.o -lboost_system--d  >&5
/usr/bin/ld: cannot find -lboost_system--d
collect2: error: ld returned 1 exit status
configure:20253: $? = 1
configure:20238: re-using the existing conftest.o
configure:20244: g++ -o conftest -g -O2  -I/home/tuk59/Downloads/boost_1_65_1  -L/lib64 conftest.o -lboost_system--d  >&5
/usr/bin/ld: cannot find -lboost_system--d
collect2: error: ld returned 1 exit status
configure:20253: $? = 1
configure:20238: re-using the existing conftest.o
configure:20244: g++ -o conftest -g -O2  -I/home/tuk59/Downloads/boost_1_65_1  -L/usr/local/lib conftest.o -lboost_system--mt  >&5
/usr/bin/ld: cannot find -lboost_system--mt
collect2: error: ld returned 1 exit status
configure:20253: $? = 1
configure:20238: re-using the existing conftest.o
configure:20244: g++ -o conftest -g -O2  -I/home/tuk59/Downloads/boost_1_65_1  -L/usr/lib conftest.o -lboost_system--mt  >&5
/usr/bin/ld: cannot find -lboost_system--mt
collect2: error: ld returned 1 exit status
configure:20253: $? = 1
configure:20238: re-using the existing conftest.o
configure:20244: g++ -o conftest -g -O2  -I/home/tuk59/Downloads/boost_1_65_1  -L/home/tuk59/Downloads/boost_1_65_1 conftest.o -lboost_system--mt  >&5
/usr/bin/ld: cannot find -lboost_system--mt
collect2: error: ld returned 1 exit status
configure:20253: $? = 1
configure:20238: re-using the existing conftest.o
configure:20244: g++ -o conftest -g -O2  -I/home/tuk59/Downloads/boost_1_65_1  -L/lib conftest.o -lboost_system--mt  >&5
/usr/bin/ld: cannot find -lboost_system--mt
collect2: error: ld returned 1 exit status
configure:20253: $? = 1
configure:20238: re-using the existing conftest.o
configure:20244: g++ -o conftest -g -O2  -I/home/tuk59/Downloads/boost_1_65_1  -L/lib64 conftest.o -lboost_system--mt  >&5
/usr/bin/ld: cannot find -lboost_system--mt
collect2: error: ld returned 1 exit status
configure:20253: $? = 1
configure:20238: re-using the existing conftest.o
configure:20244: g++ -o conftest -g -O2  -I/home/tuk59/Downloads/boost_1_65_1  -L/usr/local/lib conftest.o -lboost_system--mt-d  >&5
/usr/bin/ld: cannot find -lboost_system--mt-d
collect2: error: ld returned 1 exit status
configure:20253: $? = 1
configure:20238: re-using the existing conftest.o
configure:20244: g++ -o conftest -g -O2  -I/home/tuk59/Downloads/boost_1_65_1  -L/usr/lib conftest.o -lboost_system--mt-d  >&5
/usr/bin/ld: cannot find -lboost_system--mt-d
collect2: error: ld returned 1 exit status
configure:20253: $? = 1
configure:20238: re-using the existing conftest.o
configure:20244: g++ -o conftest -g -O2  -I/home/tuk59/Downloads/boost_1_65_1  -L/home/tuk59/Downloads/boost_1_65_1 conftest.o -lboost_system--mt-d  >&5
/usr/bin/ld: cannot find -lboost_system--mt-d
collect2: error: ld returned 1 exit status
configure:20253: $? = 1
configure:20238: re-using the existing conftest.o
configure:20244: g++ -o conftest -g -O2  -I/home/tuk59/Downloads/boost_1_65_1  -L/lib conftest.o -lboost_system--mt-d  >&5
/usr/bin/ld: cannot find -lboost_system--mt-d
collect2: error: ld returned 1 exit status
configure:20253: $? = 1
configure:20238: re-using the existing conftest.o
configure:20244: g++ -o conftest -g -O2  -I/home/tuk59/Downloads/boost_1_65_1  -L/lib64 conftest.o -lboost_system--mt-d  >&5
/usr/bin/ld: cannot find -lboost_system--mt-d
collect2: error: ld returned 1 exit status
configure:20253: $? = 1
configure:20238: re-using the existing conftest.o
configure:20244: g++ -o conftest -g -O2  -I/home/tuk59/Downloads/boost_1_65_1  -L/usr/local/lib conftest.o -lboost_system-1_65_1  >&5
/usr/bin/ld: cannot find -lboost_system-1_65_1
collect2: error: ld returned 1 exit status
configure:20253: $? = 1
configure:20238: re-using the existing conftest.o
configure:20244: g++ -o conftest -g -O2  -I/home/tuk59/Downloads/boost_1_65_1  -L/usr/lib conftest.o -lboost_system-1_65_1  >&5
/usr/bin/ld: cannot find -lboost_system-1_65_1
collect2: error: ld returned 1 exit status
configure:20253: $? = 1
configure:20238: re-using the existing conftest.o
configure:20244: g++ -o conftest -g -O2  -I/home/tuk59/Downloads/boost_1_65_1  -L/home/tuk59/Downloads/boost_1_65_1 conftest.o -lboost_system-1_65_1  >&5
/usr/bin/ld: cannot find -lboost_system-1_65_1
collect2: error: ld returned 1 exit status
configure:20253: $? = 1
configure:20238: re-using the existing conftest.o
configure:20244: g++ -o conftest -g -O2  -I/home/tuk59/Downloads/boost_1_65_1  -L/lib conftest.o -lboost_system-1_65_1  >&5
/usr/bin/ld: cannot find -lboost_system-1_65_1
collect2: error: ld returned 1 exit status
configure:20253: $? = 1
configure:20238: re-using the existing conftest.o
configure:20244: g++ -o conftest -g -O2  -I/home/tuk59/Downloads/boost_1_65_1  -L/lib64 conftest.o -lboost_system-1_65_1  >&5
/usr/bin/ld: cannot find -lboost_system-1_65_1
collect2: error: ld returned 1 exit status
configure:20253: $? = 1
configure:20238: re-using the existing conftest.o
configure:20244: g++ -o conftest -g -O2  -I/home/tuk59/Downloads/boost_1_65_1  -L/usr/local/lib conftest.o -lboost_system-d-1_65_1  >&5
/usr/bin/ld: cannot find -lboost_system-d-1_65_1
collect2: error: ld returned 1 exit status
configure:20253: $? = 1
configure:20238: re-using the existing conftest.o
configure:20244: g++ -o conftest -g -O2  -I/home/tuk59/Downloads/boost_1_65_1  -L/usr/lib conftest.o -lboost_system-d-1_65_1  >&5
/usr/bin/ld: cannot find -lboost_system-d-1_65_1
collect2: error: ld returned 1 exit status
configure:20253: $? = 1
configure:20238: re-using the existing conftest.o
configure:20244: g++ -o conftest -g -O2  -I/home/tuk59/Downloads/boost_1_65_1  -L/home/tuk59/Downloads/boost_1_65_1 conftest.o -lboost_system-d-1_65_1  >&5
/usr/bin/ld: cannot find -lboost_system-d-1_65_1
collect2: error: ld returned 1 exit status
configure:20253: $? = 1
configure:20238: re-using the existing conftest.o
configure:20244: g++ -o conftest -g -O2  -I/home/tuk59/Downloads/boost_1_65_1  -L/lib conftest.o -lboost_system-d-1_65_1  >&5
/usr/bin/ld: cannot find -lboost_system-d-1_65_1
collect2: error: ld returned 1 exit status
configure:20253: $? = 1
configure:20238: re-using the existing conftest.o
configure:20244: g++ -o conftest -g -O2  -I/home/tuk59/Downloads/boost_1_65_1  -L/lib64 conftest.o -lboost_system-d-1_65_1  >&5
/usr/bin/ld: cannot find -lboost_system-d-1_65_1
collect2: error: ld returned 1 exit status
configure:20253: $? = 1
configure:20238: re-using the existing conftest.o
configure:20244: g++ -o conftest -g -O2  -I/home/tuk59/Downloads/boost_1_65_1  -L/usr/local/lib conftest.o -lboost_system-mt-1_65_1  >&5
/usr/bin/ld: cannot find -lboost_system-mt-1_65_1
collect2: error: ld returned 1 exit status
configure:20253: $? = 1
configure:20238: re-using the existing conftest.o
configure:20244: g++ -o conftest -g -O2  -I/home/tuk59/Downloads/boost_1_65_1  -L/usr/lib conftest.o -lboost_system-mt-1_65_1  >&5
/usr/bin/ld: cannot find -lboost_system-mt-1_65_1
collect2: error: ld returned 1 exit status
configure:20253: $? = 1
configure:20238: re-using the existing conftest.o
configure:20244: g++ -o conftest -g -O2  -I/home/tuk59/Downloads/boost_1_65_1  -L/home/tuk59/Downloads/boost_1_65_1 conftest.o -lboost_system-mt-1_65_1  >&5
/usr/bin/ld: cannot find -lboost_system-mt-1_65_1
collect2: error: ld returned 1 exit status
configure:20253: $? = 1
configure:20238: re-using the existing conftest.o
configure:20244: g++ -o conftest -g -O2  -I/home/tuk59/Downloads/boost_1_65_1  -L/lib conftest.o -lboost_system-mt-1_65_1  >&5
/usr/bin/ld: cannot find -lboost_system-mt-1_65_1
collect2: error: ld returned 1 exit status
configure:20253: $? = 1
configure:20238: re-using the existing conftest.o
configure:20244: g++ -o conftest -g -O2  -I/home/tuk59/Downloads/boost_1_65_1  -L/lib64 conftest.o -lboost_system-mt-1_65_1  >&5
/usr/bin/ld: cannot find -lboost_system-mt-1_65_1
collect2: error: ld returned 1 exit status
configure:20253: $? = 1
configure:20238: re-using the existing conftest.o
configure:20244: g++ -o conftest -g -O2  -I/home/tuk59/Downloads/boost_1_65_1  -L/usr/local/lib conftest.o -lboost_system-mt-d-1_65_1  >&5
/usr/bin/ld: cannot find -lboost_system-mt-d-1_65_1
collect2: error: ld returned 1 exit status
configure:20253: $? = 1
configure:20238: re-using the existing conftest.o
configure:20244: g++ -o conftest -g -O2  -I/home/tuk59/Downloads/boost_1_65_1  -L/usr/lib conftest.o -lboost_system-mt-d-1_65_1  >&5
/usr/bin/ld: cannot find -lboost_system-mt-d-1_65_1
collect2: error: ld returned 1 exit status
configure:20253: $? = 1
configure:20238: re-using the existing conftest.o
configure:20244: g++ -o conftest -g -O2  -I/home/tuk59/Downloads/boost_1_65_1  -L/home/tuk59/Downloads/boost_1_65_1 conftest.o -lboost_system-mt-d-1_65_1  >&5
/usr/bin/ld: cannot find -lboost_system-mt-d-1_65_1
collect2: error: ld returned 1 exit status
configure:20253: $? = 1
configure:20238: re-using the existing conftest.o
configure:20244: g++ -o conftest -g -O2  -I/home/tuk59/Downloads/boost_1_65_1  -L/lib conftest.o -lboost_system-mt-d-1_65_1  >&5
/usr/bin/ld: cannot find -lboost_system-mt-d-1_65_1
collect2: error: ld returned 1 exit status
configure:20253: $? = 1
configure:20238: re-using the existing conftest.o
configure:20244: g++ -o conftest -g -O2  -I/home/tuk59/Downloads/boost_1_65_1  -L/lib64 conftest.o -lboost_system-mt-d-1_65_1  >&5
/usr/bin/ld: cannot find -lboost_system-mt-d-1_65_1
collect2: error: ld returned 1 exit status
configure:20253: $? = 1
configure:20238: re-using the existing conftest.o
configure:20244: g++ -o conftest -g -O2  -I/home/tuk59/Downloads/boost_1_65_1  -L/usr/local/lib conftest.o -lboost_system  >&5
configure:20253: $? = 0
configure:20293: result: yes
configure:20341: checking boost/filesystem/path.hpp usability
configure:20341: g++ -c -g -O2  -I/home/tuk59/Downloads/boost_1_65_1 conftest.cpp >&5
configure:20341: $? = 0
configure:20341: result: yes
configure:20341: checking boost/filesystem/path.hpp presence
configure:20341: g++ -E  -I/home/tuk59/Downloads/boost_1_65_1 conftest.cpp
configure:20341: $? = 0
configure:20341: result: yes
configure:20341: checking for boost/filesystem/path.hpp
configure:20341: result: yes
configure:20368: checking for the Boost filesystem library
configure:20410: g++ -c -g -O2  -I/home/tuk59/Downloads/boost_1_65_1 conftest.cpp >&5
configure:20410: $? = 0
configure:20477: re-using the existing conftest.o
configure:20483: g++ -o conftest -g -O2  -I/home/tuk59/Downloads/boost_1_65_1  -L/usr/local/lib -L/usr/local/lib conftest.o -lboost_filesystem--1_65_1  -lboost_system >&5
/usr/bin/ld: cannot find -lboost_filesystem--1_65_1
collect2: error: ld returned 1 exit status
configure:20492: $? = 1
configure:20477: re-using the existing conftest.o
configure:20483: g++ -o conftest -g -O2  -I/home/tuk59/Downloads/boost_1_65_1  -L/usr/local/lib -L/usr/lib conftest.o -lboost_filesystem--1_65_1  -lboost_system >&5
/usr/bin/ld: cannot find -lboost_filesystem--1_65_1
collect2: error: ld returned 1 exit status
configure:20492: $? = 1
configure:20477: re-using the existing conftest.o
configure:20483: g++ -o conftest -g -O2  -I/home/tuk59/Downloads/boost_1_65_1  -L/usr/local/lib -L/home/tuk59/Downloads/boost_1_65_1 conftest.o -lboost_filesystem--1_65_1  -lboost_system >&5
/usr/bin/ld: cannot find -lboost_filesystem--1_65_1
collect2: error: ld returned 1 exit status
configure:20492: $? = 1
configure:20477: re-using the existing conftest.o
configure:20483: g++ -o conftest -g -O2  -I/home/tuk59/Downloads/boost_1_65_1  -L/usr/local/lib -L/lib conftest.o -lboost_filesystem--1_65_1  -lboost_system >&5
/usr/bin/ld: cannot find -lboost_filesystem--1_65_1
collect2: error: ld returned 1 exit status
configure:20492: $? = 1
configure:20477: re-using the existing conftest.o
configure:20483: g++ -o conftest -g -O2  -I/home/tuk59/Downloads/boost_1_65_1  -L/usr/local/lib -L/lib64 conftest.o -lboost_filesystem--1_65_1  -lboost_system >&5
/usr/bin/ld: cannot find -lboost_filesystem--1_65_1
collect2: error: ld returned 1 exit status
configure:20492: $? = 1
configure:20477: re-using the existing conftest.o
configure:20483: g++ -o conftest -g -O2  -I/home/tuk59/Downloads/boost_1_65_1  -L/usr/local/lib -L/usr/local/lib conftest.o -lboost_filesystem--d-1_65_1  -lboost_system >&5
/usr/bin/ld: cannot find -lboost_filesystem--d-1_65_1
collect2: error: ld returned 1 exit status
configure:20492: $? = 1
configure:20477: re-using the existing conftest.o
configure:20483: g++ -o conftest -g -O2  -I/home/tuk59/Downloads/boost_1_65_1  -L/usr/local/lib -L/usr/lib conftest.o -lboost_filesystem--d-1_65_1  -lboost_system >&5
/usr/bin/ld: cannot find -lboost_filesystem--d-1_65_1
collect2: error: ld returned 1 exit status
configure:20492: $? = 1
configure:20477: re-using the existing conftest.o
configure:20483: g++ -o conftest -g -O2  -I/home/tuk59/Downloads/boost_1_65_1  -L/usr/local/lib -L/home/tuk59/Downloads/boost_1_65_1 conftest.o -lboost_filesystem--d-1_65_1  -lboost_system >&5
/usr/bin/ld: cannot find -lboost_filesystem--d-1_65_1
collect2: error: ld returned 1 exit status
configure:20492: $? = 1
configure:20477: re-using the existing conftest.o
configure:20483: g++ -o conftest -g -O2  -I/home/tuk59/Downloads/boost_1_65_1  -L/usr/local/lib -L/lib conftest.o -lboost_filesystem--d-1_65_1  -lboost_system >&5
/usr/bin/ld: cannot find -lboost_filesystem--d-1_65_1
collect2: error: ld returned 1 exit status
configure:20492: $? = 1
configure:20477: re-using the existing conftest.o
configure:20483: g++ -o conftest -g -O2  -I/home/tuk59/Downloads/boost_1_65_1  -L/usr/local/lib -L/lib64 conftest.o -lboost_filesystem--d-1_65_1  -lboost_system >&5
/usr/bin/ld: cannot find -lboost_filesystem--d-1_65_1
collect2: error: ld returned 1 exit status
configure:20492: $? = 1
configure:20477: re-using the existing conftest.o
configure:20483: g++ -o conftest -g -O2  -I/home/tuk59/Downloads/boost_1_65_1  -L/usr/local/lib -L/usr/local/lib conftest.o -lboost_filesystem--mt-1_65_1  -lboost_system >&5
/usr/bin/ld: cannot find -lboost_filesystem--mt-1_65_1
collect2: error: ld returned 1 exit status
configure:20492: $? = 1
configure:20477: re-using the existing conftest.o
configure:20483: g++ -o conftest -g -O2  -I/home/tuk59/Downloads/boost_1_65_1  -L/usr/local/lib -L/usr/lib conftest.o -lboost_filesystem--mt-1_65_1  -lboost_system >&5
/usr/bin/ld: cannot find -lboost_filesystem--mt-1_65_1
collect2: error: ld returned 1 exit status
configure:20492: $? = 1
configure:20477: re-using the existing conftest.o
configure:20483: g++ -o conftest -g -O2  -I/home/tuk59/Downloads/boost_1_65_1  -L/usr/local/lib -L/home/tuk59/Downloads/boost_1_65_1 conftest.o -lboost_filesystem--mt-1_65_1  -lboost_system >&5
/usr/bin/ld: cannot find -lboost_filesystem--mt-1_65_1
collect2: error: ld returned 1 exit status
configure:20492: $? = 1
configure:20477: re-using the existing conftest.o
configure:20483: g++ -o conftest -g -O2  -I/home/tuk59/Downloads/boost_1_65_1  -L/usr/local/lib -L/lib conftest.o -lboost_filesystem--mt-1_65_1  -lboost_system >&5
/usr/bin/ld: cannot find -lboost_filesystem--mt-1_65_1
collect2: error: ld returned 1 exit status
configure:20492: $? = 1
configure:20477: re-using the existing conftest.o
configure:20483: g++ -o conftest -g -O2  -I/home/tuk59/Downloads/boost_1_65_1  -L/usr/local/lib -L/lib64 conftest.o -lboost_filesystem--mt-1_65_1  -lboost_system >&5
/usr/bin/ld: cannot find -lboost_filesystem--mt-1_65_1
collect2: error: ld returned 1 exit status
configure:20492: $? = 1
configure:20477: re-using the existing conftest.o
configure:20483: g++ -o conftest -g -O2  -I/home/tuk59/Downloads/boost_1_65_1  -L/usr/local/lib -L/usr/local/lib conftest.o -lboost_filesystem--mt-d-1_65_1  -lboost_system >&5
/usr/bin/ld: cannot find -lboost_filesystem--mt-d-1_65_1
collect2: error: ld returned 1 exit status
configure:20492: $? = 1
configure:20477: re-using the existing conftest.o
configure:20483: g++ -o conftest -g -O2  -I/home/tuk59/Downloads/boost_1_65_1  -L/usr/local/lib -L/usr/lib conftest.o -lboost_filesystem--mt-d-1_65_1  -lboost_system >&5
/usr/bin/ld: cannot find -lboost_filesystem--mt-d-1_65_1
collect2: error: ld returned 1 exit status
configure:20492: $? = 1
configure:20477: re-using the existing conftest.o
configure:20483: g++ -o conftest -g -O2  -I/home/tuk59/Downloads/boost_1_65_1  -L/usr/local/lib -L/home/tuk59/Downloads/boost_1_65_1 conftest.o -lboost_filesystem--mt-d-1_65_1  -lboost_system >&5
/usr/bin/ld: cannot find -lboost_filesystem--mt-d-1_65_1
collect2: error: ld returned 1 exit status
configure:20492: $? = 1
configure:20477: re-using the existing conftest.o
configure:20483: g++ -o conftest -g -O2  -I/home/tuk59/Downloads/boost_1_65_1  -L/usr/local/lib -L/lib conftest.o -lboost_filesystem--mt-d-1_65_1  -lboost_system >&5
/usr/bin/ld: cannot find -lboost_filesystem--mt-d-1_65_1
collect2: error: ld returned 1 exit status
configure:20492: $? = 1
configure:20477: re-using the existing conftest.o
configure:20483: g++ -o conftest -g -O2  -I/home/tuk59/Downloads/boost_1_65_1  -L/usr/local/lib -L/lib64 conftest.o -lboost_filesystem--mt-d-1_65_1  -lboost_system >&5
/usr/bin/ld: cannot find -lboost_filesystem--mt-d-1_65_1
collect2: error: ld returned 1 exit status
configure:20492: $? = 1
configure:20477: re-using the existing conftest.o
configure:20483: g++ -o conftest -g -O2  -I/home/tuk59/Downloads/boost_1_65_1  -L/usr/local/lib -L/usr/local/lib conftest.o -lboost_filesystem-  -lboost_system >&5
/usr/bin/ld: cannot find -lboost_filesystem-
collect2: error: ld returned 1 exit status
configure:20492: $? = 1
configure:20477: re-using the existing conftest.o
configure:20483: g++ -o conftest -g -O2  -I/home/tuk59/Downloads/boost_1_65_1  -L/usr/local/lib -L/usr/lib conftest.o -lboost_filesystem-  -lboost_system >&5
/usr/bin/ld: cannot find -lboost_filesystem-
collect2: error: ld returned 1 exit status
configure:20492: $? = 1
configure:20477: re-using the existing conftest.o
configure:20483: g++ -o conftest -g -O2  -I/home/tuk59/Downloads/boost_1_65_1  -L/usr/local/lib -L/home/tuk59/Downloads/boost_1_65_1 conftest.o -lboost_filesystem-  -lboost_system >&5
/usr/bin/ld: cannot find -lboost_filesystem-
collect2: error: ld returned 1 exit status
configure:20492: $? = 1
configure:20477: re-using the existing conftest.o
configure:20483: g++ -o conftest -g -O2  -I/home/tuk59/Downloads/boost_1_65_1  -L/usr/local/lib -L/lib conftest.o -lboost_filesystem-  -lboost_system >&5
/usr/bin/ld: cannot find -lboost_filesystem-
collect2: error: ld returned 1 exit status
configure:20492: $? = 1
configure:20477: re-using the existing conftest.o
configure:20483: g++ -o conftest -g -O2  -I/home/tuk59/Downloads/boost_1_65_1  -L/usr/local/lib -L/lib64 conftest.o -lboost_filesystem-  -lboost_system >&5
/usr/bin/ld: cannot find -lboost_filesystem-
collect2: error: ld returned 1 exit status
configure:20492: $? = 1
configure:20477: re-using the existing conftest.o
configure:20483: g++ -o conftest -g -O2  -I/home/tuk59/Downloads/boost_1_65_1  -L/usr/local/lib -L/usr/local/lib conftest.o -lboost_filesystem--d  -lboost_system >&5
/usr/bin/ld: cannot find -lboost_filesystem--d
collect2: error: ld returned 1 exit status
configure:20492: $? = 1
configure:20477: re-using the existing conftest.o
configure:20483: g++ -o conftest -g -O2  -I/home/tuk59/Downloads/boost_1_65_1  -L/usr/local/lib -L/usr/lib conftest.o -lboost_filesystem--d  -lboost_system >&5
/usr/bin/ld: cannot find -lboost_filesystem--d
collect2: error: ld returned 1 exit status
configure:20492: $? = 1
configure:20477: re-using the existing conftest.o
configure:20483: g++ -o conftest -g -O2  -I/home/tuk59/Downloads/boost_1_65_1  -L/usr/local/lib -L/home/tuk59/Downloads/boost_1_65_1 conftest.o -lboost_filesystem--d  -lboost_system >&5
/usr/bin/ld: cannot find -lboost_filesystem--d
collect2: error: ld returned 1 exit status
configure:20492: $? = 1
configure:20477: re-using the existing conftest.o
configure:20483: g++ -o conftest -g -O2  -I/home/tuk59/Downloads/boost_1_65_1  -L/usr/local/lib -L/lib conftest.o -lboost_filesystem--d  -lboost_system >&5
/usr/bin/ld: cannot find -lboost_filesystem--d
collect2: error: ld returned 1 exit status
configure:20492: $? = 1
configure:20477: re-using the existing conftest.o
configure:20483: g++ -o conftest -g -O2  -I/home/tuk59/Downloads/boost_1_65_1  -L/usr/local/lib -L/lib64 conftest.o -lboost_filesystem--d  -lboost_system >&5
/usr/bin/ld: cannot find -lboost_filesystem--d
collect2: error: ld returned 1 exit status
configure:20492: $? = 1
configure:20477: re-using the existing conftest.o
configure:20483: g++ -o conftest -g -O2  -I/home/tuk59/Downloads/boost_1_65_1  -L/usr/local/lib -L/usr/local/lib conftest.o -lboost_filesystem--mt  -lboost_system >&5
/usr/bin/ld: cannot find -lboost_filesystem--mt
collect2: error: ld returned 1 exit status
configure:20492: $? = 1
configure:20477: re-using the existing conftest.o
configure:20483: g++ -o conftest -g -O2  -I/home/tuk59/Downloads/boost_1_65_1  -L/usr/local/lib -L/usr/lib conftest.o -lboost_filesystem--mt  -lboost_system >&5
/usr/bin/ld: cannot find -lboost_filesystem--mt
collect2: error: ld returned 1 exit status
configure:20492: $? = 1
configure:20477: re-using the existing conftest.o
configure:20483: g++ -o conftest -g -O2  -I/home/tuk59/Downloads/boost_1_65_1  -L/usr/local/lib -L/home/tuk59/Downloads/boost_1_65_1 conftest.o -lboost_filesystem--mt  -lboost_system >&5
/usr/bin/ld: cannot find -lboost_filesystem--mt
collect2: error: ld returned 1 exit status
configure:20492: $? = 1
configure:20477: re-using the existing conftest.o
configure:20483: g++ -o conftest -g -O2  -I/home/tuk59/Downloads/boost_1_65_1  -L/usr/local/lib -L/lib conftest.o -lboost_filesystem--mt  -lboost_system >&5
/usr/bin/ld: cannot find -lboost_filesystem--mt
collect2: error: ld returned 1 exit status
configure:20492: $? = 1
configure:20477: re-using the existing conftest.o
configure:20483: g++ -o conftest -g -O2  -I/home/tuk59/Downloads/boost_1_65_1  -L/usr/local/lib -L/lib64 conftest.o -lboost_filesystem--mt  -lboost_system >&5
/usr/bin/ld: cannot find -lboost_filesystem--mt
collect2: error: ld returned 1 exit status
configure:20492: $? = 1
configure:20477: re-using the existing conftest.o
configure:20483: g++ -o conftest -g -O2  -I/home/tuk59/Downloads/boost_1_65_1  -L/usr/local/lib -L/usr/local/lib conftest.o -lboost_filesystem--mt-d  -lboost_system >&5
/usr/bin/ld: cannot find -lboost_filesystem--mt-d
collect2: error: ld returned 1 exit status
configure:20492: $? = 1
configure:20477: re-using the existing conftest.o
configure:20483: g++ -o conftest -g -O2  -I/home/tuk59/Downloads/boost_1_65_1  -L/usr/local/lib -L/usr/lib conftest.o -lboost_filesystem--mt-d  -lboost_system >&5
/usr/bin/ld: cannot find -lboost_filesystem--mt-d
collect2: error: ld returned 1 exit status
configure:20492: $? = 1
configure:20477: re-using the existing conftest.o
configure:20483: g++ -o conftest -g -O2  -I/home/tuk59/Downloads/boost_1_65_1  -L/usr/local/lib -L/home/tuk59/Downloads/boost_1_65_1 conftest.o -lboost_filesystem--mt-d  -lboost_system >&5
/usr/bin/ld: cannot find -lboost_filesystem--mt-d
collect2: error: ld returned 1 exit status
configure:20492: $? = 1
configure:20477: re-using the existing conftest.o
configure:20483: g++ -o conftest -g -O2  -I/home/tuk59/Downloads/boost_1_65_1  -L/usr/local/lib -L/lib conftest.o -lboost_filesystem--mt-d  -lboost_system >&5
/usr/bin/ld: cannot find -lboost_filesystem--mt-d
collect2: error: ld returned 1 exit status
configure:20492: $? = 1
configure:20477: re-using the existing conftest.o
configure:20483: g++ -o conftest -g -O2  -I/home/tuk59/Downloads/boost_1_65_1  -L/usr/local/lib -L/lib64 conftest.o -lboost_filesystem--mt-d  -lboost_system >&5
/usr/bin/ld: cannot find -lboost_filesystem--mt-d
collect2: error: ld returned 1 exit status
configure:20492: $? = 1
configure:20477: re-using the existing conftest.o
configure:20483: g++ -o conftest -g -O2  -I/home/tuk59/Downloads/boost_1_65_1  -L/usr/local/lib -L/usr/local/lib conftest.o -lboost_filesystem-1_65_1  -lboost_system >&5
/usr/bin/ld: cannot find -lboost_filesystem-1_65_1
collect2: error: ld returned 1 exit status
configure:20492: $? = 1
configure:20477: re-using the existing conftest.o
configure:20483: g++ -o conftest -g -O2  -I/home/tuk59/Downloads/boost_1_65_1  -L/usr/local/lib -L/usr/lib conftest.o -lboost_filesystem-1_65_1  -lboost_system >&5
/usr/bin/ld: cannot find -lboost_filesystem-1_65_1
collect2: error: ld returned 1 exit status
configure:20492: $? = 1
configure:20477: re-using the existing conftest.o
configure:20483: g++ -o conftest -g -O2  -I/home/tuk59/Downloads/boost_1_65_1  -L/usr/local/lib -L/home/tuk59/Downloads/boost_1_65_1 conftest.o -lboost_filesystem-1_65_1  -lboost_system >&5
/usr/bin/ld: cannot find -lboost_filesystem-1_65_1
collect2: error: ld returned 1 exit status
configure:20492: $? = 1
configure:20477: re-using the existing conftest.o
configure:20483: g++ -o conftest -g -O2  -I/home/tuk59/Downloads/boost_1_65_1  -L/usr/local/lib -L/lib conftest.o -lboost_filesystem-1_65_1  -lboost_system >&5
/usr/bin/ld: cannot find -lboost_filesystem-1_65_1
collect2: error: ld returned 1 exit status
configure:20492: $? = 1
configure:20477: re-using the existing conftest.o
configure:20483: g++ -o conftest -g -O2  -I/home/tuk59/Downloads/boost_1_65_1  -L/usr/local/lib -L/lib64 conftest.o -lboost_filesystem-1_65_1  -lboost_system >&5
/usr/bin/ld: cannot find -lboost_filesystem-1_65_1
collect2: error: ld returned 1 exit status
configure:20492: $? = 1
configure:20477: re-using the existing conftest.o
configure:20483: g++ -o conftest -g -O2  -I/home/tuk59/Downloads/boost_1_65_1  -L/usr/local/lib -L/usr/local/lib conftest.o -lboost_filesystem-d-1_65_1  -lboost_system >&5
/usr/bin/ld: cannot find -lboost_filesystem-d-1_65_1
collect2: error: ld returned 1 exit status
configure:20492: $? = 1
configure:20477: re-using the existing conftest.o
configure:20483: g++ -o conftest -g -O2  -I/home/tuk59/Downloads/boost_1_65_1  -L/usr/local/lib -L/usr/lib conftest.o -lboost_filesystem-d-1_65_1  -lboost_system >&5
/usr/bin/ld: cannot find -lboost_filesystem-d-1_65_1
collect2: error: ld returned 1 exit status
configure:20492: $? = 1
configure:20477: re-using the existing conftest.o
configure:20483: g++ -o conftest -g -O2  -I/home/tuk59/Downloads/boost_1_65_1  -L/usr/local/lib -L/home/tuk59/Downloads/boost_1_65_1 conftest.o -lboost_filesystem-d-1_65_1  -lboost_system >&5
/usr/bin/ld: cannot find -lboost_filesystem-d-1_65_1
collect2: error: ld returned 1 exit status
configure:20492: $? = 1
configure:20477: re-using the existing conftest.o
configure:20483: g++ -o conftest -g -O2  -I/home/tuk59/Downloads/boost_1_65_1  -L/usr/local/lib -L/lib conftest.o -lboost_filesystem-d-1_65_1  -lboost_system >&5
/usr/bin/ld: cannot find -lboost_filesystem-d-1_65_1
collect2: error: ld returned 1 exit status
configure:20492: $? = 1
configure:20477: re-using the existing conftest.o
configure:20483: g++ -o conftest -g -O2  -I/home/tuk59/Downloads/boost_1_65_1  -L/usr/local/lib -L/lib64 conftest.o -lboost_filesystem-d-1_65_1  -lboost_system >&5
/usr/bin/ld: cannot find -lboost_filesystem-d-1_65_1
collect2: error: ld returned 1 exit status
configure:20492: $? = 1
configure:20477: re-using the existing conftest.o
configure:20483: g++ -o conftest -g -O2  -I/home/tuk59/Downloads/boost_1_65_1  -L/usr/local/lib -L/usr/local/lib conftest.o -lboost_filesystem-mt-1_65_1  -lboost_system >&5
/usr/bin/ld: cannot find -lboost_filesystem-mt-1_65_1
collect2: error: ld returned 1 exit status
configure:20492: $? = 1
configure:20477: re-using the existing conftest.o
configure:20483: g++ -o conftest -g -O2  -I/home/tuk59/Downloads/boost_1_65_1  -L/usr/local/lib -L/usr/lib conftest.o -lboost_filesystem-mt-1_65_1  -lboost_system >&5
/usr/bin/ld: cannot find -lboost_filesystem-mt-1_65_1
collect2: error: ld returned 1 exit status
configure:20492: $? = 1
configure:20477: re-using the existing conftest.o
configure:20483: g++ -o conftest -g -O2  -I/home/tuk59/Downloads/boost_1_65_1  -L/usr/local/lib -L/home/tuk59/Downloads/boost_1_65_1 conftest.o -lboost_filesystem-mt-1_65_1  -lboost_system >&5
/usr/bin/ld: cannot find -lboost_filesystem-mt-1_65_1
collect2: error: ld returned 1 exit status
configure:20492: $? = 1
configure:20477: re-using the existing conftest.o
configure:20483: g++ -o conftest -g -O2  -I/home/tuk59/Downloads/boost_1_65_1  -L/usr/local/lib -L/lib conftest.o -lboost_filesystem-mt-1_65_1  -lboost_system >&5
/usr/bin/ld: cannot find -lboost_filesystem-mt-1_65_1
collect2: error: ld returned 1 exit status
configure:20492: $? = 1
configure:20477: re-using the existing conftest.o
configure:20483: g++ -o conftest -g -O2  -I/home/tuk59/Downloads/boost_1_65_1  -L/usr/local/lib -L/lib64 conftest.o -lboost_filesystem-mt-1_65_1  -lboost_system >&5
/usr/bin/ld: cannot find -lboost_filesystem-mt-1_65_1
collect2: error: ld returned 1 exit status
configure:20492: $? = 1
configure:20477: re-using the existing conftest.o
configure:20483: g++ -o conftest -g -O2  -I/home/tuk59/Downloads/boost_1_65_1  -L/usr/local/lib -L/usr/local/lib conftest.o -lboost_filesystem-mt-d-1_65_1  -lboost_system >&5
/usr/bin/ld: cannot find -lboost_filesystem-mt-d-1_65_1
collect2: error: ld returned 1 exit status
configure:20492: $? = 1
configure:20477: re-using the existing conftest.o
configure:20483: g++ -o conftest -g -O2  -I/home/tuk59/Downloads/boost_1_65_1  -L/usr/local/lib -L/usr/lib conftest.o -lboost_filesystem-mt-d-1_65_1  -lboost_system >&5
/usr/bin/ld: cannot find -lboost_filesystem-mt-d-1_65_1
collect2: error: ld returned 1 exit status
configure:20492: $? = 1
configure:20477: re-using the existing conftest.o
configure:20483: g++ -o conftest -g -O2  -I/home/tuk59/Downloads/boost_1_65_1  -L/usr/local/lib -L/home/tuk59/Downloads/boost_1_65_1 conftest.o -lboost_filesystem-mt-d-1_65_1  -lboost_system >&5
/usr/bin/ld: cannot find -lboost_filesystem-mt-d-1_65_1
collect2: error: ld returned 1 exit status
configure:20492: $? = 1
configure:20477: re-using the existing conftest.o
configure:20483: g++ -o conftest -g -O2  -I/home/tuk59/Downloads/boost_1_65_1  -L/usr/local/lib -L/lib conftest.o -lboost_filesystem-mt-d-1_65_1  -lboost_system >&5
/usr/bin/ld: cannot find -lboost_filesystem-mt-d-1_65_1
collect2: error: ld returned 1 exit status
configure:20492: $? = 1
configure:20477: re-using the existing conftest.o
configure:20483: g++ -o conftest -g -O2  -I/home/tuk59/Downloads/boost_1_65_1  -L/usr/local/lib -L/lib64 conftest.o -lboost_filesystem-mt-d-1_65_1  -lboost_system >&5
/usr/bin/ld: cannot find -lboost_filesystem-mt-d-1_65_1
collect2: error: ld returned 1 exit status
configure:20492: $? = 1
configure:20477: re-using the existing conftest.o
configure:20483: g++ -o conftest -g -O2  -I/home/tuk59/Downloads/boost_1_65_1  -L/usr/local/lib -L/usr/local/lib conftest.o -lboost_filesystem  -lboost_system >&5
configure:20492: $? = 0
configure:20532: result: yes
configure:20581: checking for boost/system/error_code.hpp
configure:20581: result: yes
configure:20608: checking for the Boost system library
configure:20772: result: yes
configure:21132: checking hdf5.h usability
configure:21132: gcc -c  -g -O2   conftest.c >&5
conftest.c:64:18: fatal error: hdf5.h: No such file or directory
compilation terminated.
configure:21132: $? = 1
configure: failed program was:
| /* confdefs.h */
| #define PACKAGE_NAME "grvy"
| #define PACKAGE_TARNAME "grvy"
| #define PACKAGE_VERSION "0.32.0"
| #define PACKAGE_STRING "grvy 0.32.0"
| #define PACKAGE_BUGREPORT "karl@ices.utexas.edu"
| #define PACKAGE_URL ""
| #define PACKAGE "grvy"
| #define VERSION "0.32.0"
| #define STDC_HEADERS 1
| #define HAVE_SYS_TYPES_H 1
| #define HAVE_SYS_STAT_H 1
| #define HAVE_STDLIB_H 1
| #define HAVE_STRING_H 1
| #define HAVE_MEMORY_H 1
| #define HAVE_STRINGS_H 1
| #define HAVE_INTTYPES_H 1
| #define HAVE_STDINT_H 1
| #define HAVE_UNISTD_H 1
| #define HAVE_DLFCN_H 1
| #define LT_OBJDIR ".libs/"
| #define HAVE__BOOL 1
| #define HAVE_STDBOOL_H 1
| #define TLS __thread
| #define HAVE_BOOST 1
| #define HAVE_BOOST_MATH_SPECIAL_FUNCTIONS_HPP 1
| #define HAVE_BOOST_SYSTEM_ERROR_CODE_HPP 1
| #define HAVE_BOOST_FILESYSTEM_PATH_HPP 1
| #define HAVE_BOOST_SYSTEM_ERROR_CODE_HPP 1
| /* end confdefs.h.  */
| #include <stdio.h>
| #ifdef HAVE_SYS_TYPES_H
| # include <sys/types.h>
| #endif
| #ifdef HAVE_SYS_STAT_H
| # include <sys/stat.h>
| #endif
| #ifdef STDC_HEADERS
| # include <stdlib.h>
| # include <stddef.h>
| #else
| # ifdef HAVE_STDLIB_H
| #  include <stdlib.h>
| # endif
| #endif
| #ifdef HAVE_STRING_H
| # if !defined STDC_HEADERS && defined HAVE_MEMORY_H
| #  include <memory.h>
| # endif
| # include <string.h>
| #endif
| #ifdef HAVE_STRINGS_H
| # include <strings.h>
| #endif
| #ifdef HAVE_INTTYPES_H
| # include <inttypes.h>
| #endif
| #ifdef HAVE_STDINT_H
| # include <stdint.h>
| #endif
| #ifdef HAVE_UNISTD_H
| # include <unistd.h>
| #endif
| #include <hdf5.h>
configure:21132: result: no
configure:21132: checking hdf5.h presence
configure:21132: gcc -E   conftest.c
conftest.c:31:18: fatal error: hdf5.h: No such file or directory
compilation terminated.
configure:21132: $? = 1
configure: failed program was:
| /* confdefs.h */
| #define PACKAGE_NAME "grvy"
| #define PACKAGE_TARNAME "grvy"
| #define PACKAGE_VERSION "0.32.0"
| #define PACKAGE_STRING "grvy 0.32.0"
| #define PACKAGE_BUGREPORT "karl@ices.utexas.edu"
| #define PACKAGE_URL ""
| #define PACKAGE "grvy"
| #define VERSION "0.32.0"
| #define STDC_HEADERS 1
| #define HAVE_SYS_TYPES_H 1
| #define HAVE_SYS_STAT_H 1
| #define HAVE_STDLIB_H 1
| #define HAVE_STRING_H 1
| #define HAVE_MEMORY_H 1
| #define HAVE_STRINGS_H 1
| #define HAVE_INTTYPES_H 1
| #define HAVE_STDINT_H 1
| #define HAVE_UNISTD_H 1
| #define HAVE_DLFCN_H 1
| #define LT_OBJDIR ".libs/"
| #define HAVE__BOOL 1
| #define HAVE_STDBOOL_H 1
| #define TLS __thread
| #define HAVE_BOOST 1
| #define HAVE_BOOST_MATH_SPECIAL_FUNCTIONS_HPP 1
| #define HAVE_BOOST_SYSTEM_ERROR_CODE_HPP 1
| #define HAVE_BOOST_FILESYSTEM_PATH_HPP 1
| #define HAVE_BOOST_SYSTEM_ERROR_CODE_HPP 1
| /* end confdefs.h.  */
| #include <hdf5.h>
configure:21132: result: no
configure:21132: checking for hdf5.h
configure:21132: result: no
configure:21147: checking for hdf5 - version >= 1.8.0
configure:21304: optional HDF5 library not found, or does not meet version requirements
configure:21874: checking for svnversion
configure:21907: result: no
configure:22102: checking for doxygen
configure:22135: result: no
configure:22155: WARNING: doxygen not found - will not generate any doxygen documentation
configure:22208: checking for perl
configure:22226: found /usr/bin/perl
configure:22238: result: /usr/bin/perl
configure:24032: checking that generated files are newer than configure
configure:24038: result: done
configure:24060: checking that generated files are newer than configure
configure:24066: result: done
configure:24181: creating ./config.status

## ---------------------- ##
## Running config.status. ##
## ---------------------- ##

This file was extended by grvy config.status 0.32.0, which was
generated by GNU Autoconf 2.69.  Invocation command line was

  CONFIG_FILES    = 
  CONFIG_HEADERS  = 
  CONFIG_LINKS    = 
  CONFIG_COMMANDS = 
  $ ./config.status 

on Atom

config.status:1317: creating Makefile
config.status:1317: creating src/Makefile
config.status:1317: creating examples/Makefile
config.status:1317: creating test/Makefile
config.status:1317: creating grvy.pc
config.status:1317: creating grvy.spec
config.status:1317: creating doxygen/Makefile
config.status:1317: creating src/grvy.h
config.status:1317: creating test/F_version.F90
config.status:1317: creating doxygen/txt_common/about_vpath.page
config.status:1317: creating config_grvy.h
config.status:1546: executing depfiles commands
config.status:1546: executing libtool commands

## ---------------- ##
## Cache variables. ##
## ---------------- ##

ac_cv_build=x86_64-unknown-linux-gnu
ac_cv_c_compiler_gnu=yes
ac_cv_c_const=yes
ac_cv_cxx_compiler_gnu=yes
ac_cv_env_BOOST_ROOT_set=
ac_cv_env_BOOST_ROOT_value=
ac_cv_env_CCC_set=
ac_cv_env_CCC_value=
ac_cv_env_CC_set=
ac_cv_env_CC_value=
ac_cv_env_CFLAGS_set=
ac_cv_env_CFLAGS_value=
ac_cv_env_CPPFLAGS_set=
ac_cv_env_CPPFLAGS_value=
ac_cv_env_CPP_set=
ac_cv_env_CPP_value=
ac_cv_env_CXXCPP_set=
ac_cv_env_CXXCPP_value=
ac_cv_env_CXXFLAGS_set=
ac_cv_env_CXXFLAGS_value=
ac_cv_env_CXX_set=
ac_cv_env_CXX_value=
ac_cv_env_DOXYGEN_PAPER_SIZE_set=
ac_cv_env_DOXYGEN_PAPER_SIZE_value=
ac_cv_env_FCFLAGS_set=
ac_cv_env_FCFLAGS_value=
ac_cv_env_FC_set=
ac_cv_env_FC_value=
ac_cv_env_HDF5_DIR_set=
ac_cv_env_HDF5_DIR_value=
ac_cv_env_LDFLAGS_set=
ac_cv_env_LDFLAGS_value=
ac_cv_env_LIBS_set=
ac_cv_env_LIBS_value=
ac_cv_env_MPICC_set=
ac_cv_env_MPICC_value=
ac_cv_env_MPICXX_set=
ac_cv_env_MPICXX_value=
ac_cv_env_MPIFC_set=
ac_cv_env_MPIFC_value=
ac_cv_env_build_alias_set=
ac_cv_env_build_alias_value=
ac_cv_env_host_alias_set=
ac_cv_env_host_alias_value=
ac_cv_env_target_alias_set=
ac_cv_env_target_alias_value=
ac_cv_fc_compiler_gnu=yes
ac_cv_header_boost_filesystem_path_hpp=yes
ac_cv_header_boost_math_special_functions_hpp=yes
ac_cv_header_boost_system_error_code_hpp=yes
ac_cv_header_dlfcn_h=yes
ac_cv_header_hdf5_h=no
ac_cv_header_inttypes_h=yes
ac_cv_header_memory_h=yes
ac_cv_header_stdbool_h=yes
ac_cv_header_stdc=yes
ac_cv_header_stdint_h=yes
ac_cv_header_stdlib_h=yes
ac_cv_header_string_h=yes
ac_cv_header_strings_h=yes
ac_cv_header_sys_stat_h=yes
ac_cv_header_sys_types_h=yes
ac_cv_header_unistd_h=yes
ac_cv_host=x86_64-unknown-linux-gnu
ac_cv_objext=o
ac_cv_path_EGREP='/bin/grep -E'
ac_cv_path_FGREP='/bin/grep -F'
ac_cv_path_GREP=/bin/grep
ac_cv_path_SED=/bin/sed
ac_cv_path_ac_pt_DX_PERL=/usr/bin/perl
ac_cv_path_install='/usr/bin/install -c'
ac_cv_path_mkdir=/bin/mkdir
ac_cv_prog_AWK=mawk
ac_cv_prog_CPP='gcc -E'
ac_cv_prog_CXXCPP='g++ -E'
ac_cv_prog_ac_ct_AR=ar
ac_cv_prog_ac_ct_CC=gcc
ac_cv_prog_ac_ct_CXX=g++
ac_cv_prog_ac_ct_FC=gfortran
ac_cv_prog_ac_ct_MANIFEST_TOOL=mt
ac_cv_prog_ac_ct_OBJDUMP=objdump
ac_cv_prog_ac_ct_RANLIB=ranlib
ac_cv_prog_ac_ct_STRIP=strip
ac_cv_prog_cc_c89=
ac_cv_prog_cc_g=yes
ac_cv_prog_cxx_g=yes
ac_cv_prog_fc_g=yes
ac_cv_prog_make_make_set=yes
ac_cv_tls=__thread
ac_cv_type__Bool=yes
am_cv_CC_dependencies_compiler_type=gcc3
am_cv_CXX_dependencies_compiler_type=gcc3
boost_cv_inc_path=/home/tuk59/Downloads/boost_1_65_1
boost_cv_lib_filesystem=yes
boost_cv_lib_filesystem_LDFLAGS=-L/usr/local/lib
boost_cv_lib_filesystem_LDPATH=/usr/local/lib
boost_cv_lib_filesystem_LIBS=-lboost_filesystem
boost_cv_lib_system=yes
boost_cv_lib_system_LDFLAGS=-L/usr/local/lib
boost_cv_lib_system_LDPATH=/usr/local/lib
boost_cv_lib_system_LIBS=-lboost_system
boost_cv_lib_tag=
boost_cv_lib_version=1_65_1
lt_cv_ar_at_file=@
lt_cv_archive_cmds_need_lc=no
lt_cv_deplibs_check_method=pass_all
lt_cv_file_magic_cmd='$MAGIC_CMD'
lt_cv_file_magic_test_file=
lt_cv_ld_reload_flag=-r
lt_cv_nm_interface='BSD nm'
lt_cv_objdir=.libs
lt_cv_path_LD=/usr/bin/ld
lt_cv_path_LDCXX='/usr/bin/ld -m elf_x86_64'
lt_cv_path_NM='/usr/bin/nm -B'
lt_cv_path_mainfest_tool=no
lt_cv_prog_compiler_c_o=yes
lt_cv_prog_compiler_c_o_CXX=yes
lt_cv_prog_compiler_c_o_FC=yes
lt_cv_prog_compiler_pic='-fPIC -DPIC'
lt_cv_prog_compiler_pic_CXX='-fPIC -DPIC'
lt_cv_prog_compiler_pic_FC=-fPIC
lt_cv_prog_compiler_pic_works=yes
lt_cv_prog_compiler_pic_works_CXX=yes
lt_cv_prog_compiler_pic_works_FC=yes
lt_cv_prog_compiler_rtti_exceptions=no
lt_cv_prog_compiler_static_works=yes
lt_cv_prog_compiler_static_works_CXX=yes
lt_cv_prog_compiler_static_works_FC=yes
lt_cv_prog_gnu_ld=yes
lt_cv_prog_gnu_ldcxx=yes
lt_cv_sharedlib_from_linklib_cmd='printf %s\n'
lt_cv_shlibpath_overrides_runpath=no
lt_cv_sys_global_symbol_pipe='sed -n -e '\''s/^.*[	 ]\([ABCDGIRSTW][ABCDGIRSTW]*\)[	 ][	 ]*\([_A-Za-z][_A-Za-z0-9]*\)$/\1 \2 \2/p'\'' | sed '\''/ __gnu_lto/d'\'''
lt_cv_sys_global_symbol_to_c_name_address='sed -n -e '\''s/^: \([^ ]*\)[ ]*$/  {\"\1\", (void *) 0},/p'\'' -e '\''s/^[ABCDGIRSTW]* \([^ ]*\) \([^ ]*\)$/  {"\2", (void *) \&\2},/p'\'''
lt_cv_sys_global_symbol_to_c_name_address_lib_prefix='sed -n -e '\''s/^: \([^ ]*\)[ ]*$/  {\"\1\", (void *) 0},/p'\'' -e '\''s/^[ABCDGIRSTW]* \([^ ]*\) \(lib[^ ]*\)$/  {"\2", (void *) \&\2},/p'\'' -e '\''s/^[ABCDGIRSTW]* \([^ ]*\) \([^ ]*\)$/  {"lib\2", (void *) \&\2},/p'\'''
lt_cv_sys_global_symbol_to_cdecl='sed -n -e '\''s/^T .* \(.*\)$/extern int \1();/p'\'' -e '\''s/^[ABCDGIRSTW]* .* \(.*\)$/extern char \1;/p'\'''
lt_cv_sys_max_cmd_len=1572864
lt_cv_to_host_file_cmd=func_convert_file_noop
lt_cv_to_tool_file_cmd=func_convert_file_noop

## ----------------- ##
## Output variables. ##
## ----------------- ##

ACLOCAL='${SHELL} /home/tuk59/Documents/GradSchool/Fall_17/Tools_and_Techniques/project/tpl/arc/grvy-0.32.0/build-aux/missing --run aclocal-1.12'
AMDEPBACKSLASH='\'
AMDEP_FALSE='#'
AMDEP_TRUE=''
AMTAR='$${TAR-tar}'
AR='ar'
AUTOCONF='${SHELL} /home/tuk59/Documents/GradSchool/Fall_17/Tools_and_Techniques/project/tpl/arc/grvy-0.32.0/build-aux/missing --run autoconf'
AUTOHEADER='${SHELL} /home/tuk59/Documents/GradSchool/Fall_17/Tools_and_Techniques/project/tpl/arc/grvy-0.32.0/build-aux/missing --run autoheader'
AUTOMAKE='${SHELL} /home/tuk59/Documents/GradSchool/Fall_17/Tools_and_Techniques/project/tpl/arc/grvy-0.32.0/build-aux/missing --run automake-1.12'
AWK='mawk'
BOOST_CPPFLAGS='-I/home/tuk59/Downloads/boost_1_65_1'
BOOST_FILESYSTEM_LDFLAGS='-L/usr/local/lib'
BOOST_FILESYSTEM_LDPATH='/usr/local/lib'
BOOST_FILESYSTEM_LIBS='-lboost_filesystem'
BOOST_HEADER_ONLY='0'
BOOST_LDPATH='/usr/local/lib'
BOOST_ROOT=''
BOOST_SYSTEM_LDFLAGS='-L/usr/local/lib'
BOOST_SYSTEM_LDPATH='/usr/local/lib'
BOOST_SYSTEM_LIBS='-lboost_system'
BUILD_ARCH='x86_64-unknown-linux-gnu'
BUILD_DATE='2017-11-29 22:10'
BUILD_DEVSTATUS='External Release'
BUILD_HOST='Atom'
BUILD_USER='tuk59'
BUILD_VERSION='30240'
CC='gcc'
CCDEPMODE='depmode=gcc3'
CFLAGS='-g -O2'
CODE_COVERAGE_ENABLED_FALSE=''
CODE_COVERAGE_ENABLED_TRUE='#'
CPP='gcc -E'
CPPFLAGS=''
CXX='g++'
CXXCPP='g++ -E'
CXXDEPMODE='depmode=gcc3'
CXXFLAGS='-g -O2'
CYGPATH_W='echo'
DEFS='-DHAVE_CONFIG_H'
DEPDIR='.deps'
DISTCHECK_CONFIGURE_FLAGS=' '\''--with-boost=/home/tuk59/Downloads/boost_1_65_1'\'''
DLLTOOL='false'
DOXYGEN_PAPER_SIZE=''
DSYMUTIL=''
DUMPBIN=''
DX_COND_chi_FALSE=''
DX_COND_chi_TRUE='#'
DX_COND_chm_FALSE=''
DX_COND_chm_TRUE='#'
DX_COND_doc_FALSE=''
DX_COND_doc_TRUE='#'
DX_COND_dot_FALSE=''
DX_COND_dot_TRUE='#'
DX_COND_html_FALSE=''
DX_COND_html_TRUE='#'
DX_COND_latex_FALSE=''
DX_COND_latex_TRUE='#'
DX_COND_man_FALSE=''
DX_COND_man_TRUE='#'
DX_COND_pdf_FALSE=''
DX_COND_pdf_TRUE='#'
DX_COND_ps_FALSE=''
DX_COND_ps_TRUE='#'
DX_COND_rtf_FALSE=''
DX_COND_rtf_TRUE='#'
DX_COND_xml_FALSE=''
DX_COND_xml_TRUE='#'
DX_CONFIG='doxygen/grvy.dox'
DX_DOCDIR='docs'
DX_DOT=''
DX_DOXYGEN=''
DX_DVIPS=''
DX_EGREP=''
DX_ENV=' SRCDIR='\''.'\'' PROJECT='\''GRVY'\'' DOCDIR='\''docs'\'' VERSION='\''0.32.0'\'' BUILDDATE='\''2017-11-29 22:10'\'' BUILDHOST='\''Atom'\'' BUILDUSER='\''tuk59'\'' BUILDDIR='\''.'\'' HAVE_DOT='\''NO'\'' GENERATE_MAN='\''NO'\'' GENERATE_RTF='\''NO'\'' GENERATE_XML='\''NO'\'' GENERATE_HTMLHELP='\''NO'\'' GENERATE_CHI='\''NO'\'' GENERATE_HTML='\''NO'\'' GENERATE_LATEX='\''NO'\'''
DX_FLAG_chi='0'
DX_FLAG_chm='0'
DX_FLAG_doc='0'
DX_FLAG_dot='0'
DX_FLAG_html='0'
DX_FLAG_man='0'
DX_FLAG_pdf='0'
DX_FLAG_ps='0'
DX_FLAG_rtf='0'
DX_FLAG_xml='0'
DX_HHC=''
DX_LATEX=''
DX_MAKEINDEX=''
DX_PDFLATEX=''
DX_PERL='/usr/bin/perl'
DX_PROJECT='GRVY'
ECHO_C=''
ECHO_N='-n'
ECHO_T=''
EGREP='/bin/grep -E'
EXEEXT=''
FC='gfortran'
FCFLAGS='-g -O2'
FGREP='/bin/grep -F'
GENERIC_MAJOR_VERSION='0'
GENERIC_MICRO_VERSION='0'
GENERIC_MINOR_VERSION='32'
GENERIC_RELEASE='0.32'
GREP='/bin/grep'
GSL_CFLAGS=''
GSL_CONFIG=''
GSL_LIBS=''
GSL_PREFIX=''
HAVE_GCOV_TOOLS='0'
HAVE_HDF5='0'
HDF5_CFLAGS=''
HDF5_CPPFLAGS=''
HDF5_CXXLIBS='-L/lib -lhdf5_cpp -Wl,-rpath,/lib'
HDF5_DIR=''
HDF5_ENABLED_FALSE=''
HDF5_ENABLED_TRUE='#'
HDF5_FLIBS='-L/lib -lhdf5_fortran -Wl,-rpath,/lib'
HDF5_LIBS='-L/lib -lhdf5 -Wl,-rpath,/lib'
HDF5_PREFIX=''
INSTALL_DATA='${INSTALL} -m 644'
INSTALL_PROGRAM='${INSTALL}'
INSTALL_SCRIPT='${INSTALL}'
INSTALL_STRIP_PROGRAM='$(install_sh) -c -s'
LD='/usr/bin/ld -m elf_x86_64'
LDFLAGS=''
LIBOBJS=''
LIBS=''
LIBTOOL='$(SHELL) $(top_builddir)/libtool'
LINK_BOOST_LIBS_FALSE='#'
LINK_BOOST_LIBS_TRUE=''
LIPO=''
LN_S='ln -s'
LTLIBOBJS=''
MAKEINFO='${SHELL} /home/tuk59/Documents/GradSchool/Fall_17/Tools_and_Techniques/project/tpl/arc/grvy-0.32.0/build-aux/missing --run makeinfo'
MANIFEST_TOOL=':'
MKDIR_P='/bin/mkdir -p'
MPICC=''
MPICXX=''
MPIFC=''
MPILIBS=''
MPI_ENABLED_FALSE=''
MPI_ENABLED_TRUE='#'
NM='/usr/bin/nm -B'
NMEDIT=''
OBJDUMP='objdump'
OBJEXT='o'
OTOOL64=''
OTOOL=''
PACKAGE='grvy'
PACKAGE_BUGREPORT='karl@ices.utexas.edu'
PACKAGE_NAME='grvy'
PACKAGE_STRING='grvy 0.32.0'
PACKAGE_TARNAME='grvy'
PACKAGE_URL=''
PACKAGE_VERSION='0.32.0'
PATH_SEPARATOR=':'
RANLIB='ranlib'
SED='/bin/sed'
SET_MAKE=''
SHELL='/bin/bash'
STRIP='strip'
SVN_CHECKOUT_FALSE=''
SVN_CHECKOUT_TRUE='#'
SVN_REVISION='cat ./dist_version'
USE_GUAD=''
VERSION='0.32.0'
ac_ct_AR='ar'
ac_ct_CC='gcc'
ac_ct_CXX='g++'
ac_ct_DUMPBIN=''
ac_ct_FC='gfortran'
am__EXEEXT_FALSE=''
am__EXEEXT_TRUE='#'
am__fastdepCC_FALSE='#'
am__fastdepCC_TRUE=''
am__fastdepCXX_FALSE='#'
am__fastdepCXX_TRUE=''
am__include='include'
am__isrc=''
am__leading_dot='.'
am__nodep='_no'
am__quote=''
am__tar='$${TAR-tar} chof - "$$tardir"'
am__untar='$${TAR-tar} xf -'
bindir='${exec_prefix}/bin'
build='x86_64-unknown-linux-gnu'
build_alias=''
build_cpu='x86_64'
build_os='linux-gnu'
build_vendor='unknown'
datadir='${datarootdir}'
datarootdir='${prefix}/share'
docdir='${datarootdir}/doc/${PACKAGE_TARNAME}'
dvidir='${docdir}'
exec_prefix='${prefix}'
have_gcov=''
host='x86_64-unknown-linux-gnu'
host_alias=''
host_cpu='x86_64'
host_os='linux-gnu'
host_vendor='unknown'
htmldir='${docdir}'
includedir='${prefix}/include'
infodir='${datarootdir}/info'
install_sh='${SHELL} /home/tuk59/Documents/GradSchool/Fall_17/Tools_and_Techniques/project/tpl/arc/grvy-0.32.0/build-aux/install-sh'
libdir='${exec_prefix}/lib'
libexecdir='${exec_prefix}/libexec'
localedir='${datarootdir}/locale'
localstatedir='${prefix}/var'
mandir='${datarootdir}/man'
mkdir_p='/bin/mkdir -p'
oldincludedir='/usr/include'
pdfdir='${docdir}'
prefix='/home/tuk59/Installed/bin/grvy'
program_transform_name='s,x,x,'
psdir='${docdir}'
sbindir='${exec_prefix}/sbin'
sharedstatedir='${prefix}/com'
svnquery=''
sysconfdir='${prefix}/etc'
target_alias=''

## ----------- ##
## confdefs.h. ##
## ----------- ##

/* confdefs.h */
#define PACKAGE_NAME "grvy"
#define PACKAGE_TARNAME "grvy"
#define PACKAGE_VERSION "0.32.0"
#define PACKAGE_STRING "grvy 0.32.0"
#define PACKAGE_BUGREPORT "karl@ices.utexas.edu"
#define PACKAGE_URL ""
#define PACKAGE "grvy"
#define VERSION "0.32.0"
#define STDC_HEADERS 1
#define HAVE_SYS_TYPES_H 1
#define HAVE_SYS_STAT_H 1
#define HAVE_STDLIB_H 1
#define HAVE_STRING_H 1
#define HAVE_MEMORY_H 1
#define HAVE_STRINGS_H 1
#define HAVE_INTTYPES_H 1
#define HAVE_STDINT_H 1
#define HAVE_UNISTD_H 1
#define HAVE_DLFCN_H 1
#define LT_OBJDIR ".libs/"
#define HAVE__BOOL 1
#define HAVE_STDBOOL_H 1
#define TLS __thread
#define HAVE_BOOST 1
#define HAVE_BOOST_MATH_SPECIAL_FUNCTIONS_HPP 1
#define HAVE_BOOST_SYSTEM_ERROR_CODE_HPP 1
#define HAVE_BOOST_FILESYSTEM_PATH_HPP 1
#define HAVE_BOOST_SYSTEM_ERROR_CODE_HPP 1
#define BUILD_USER "tuk59"
#define BUILD_ARCH "x86_64-unknown-linux-gnu"
#define BUILD_HOST "Atom"
#define BUILD_DATE "2017-11-29 22:10"
#define BUILD_VERSION "30240"
#define BUILD_DEVSTATUS "External Release"

configure: exit 0
